TN:
SF:server/email.ts
FN:4,(anonymous_8)
FN:49,(anonymous_9)
FN:49,(anonymous_10)
FN:71,(anonymous_11)
FN:157,(anonymous_12)
FN:276,(anonymous_13)
FNF:6
FNH:0
FNDA:0,(anonymous_8)
FNDA:0,(anonymous_9)
FNDA:0,(anonymous_10)
FNDA:0,(anonymous_11)
FNDA:0,(anonymous_12)
FNDA:0,(anonymous_13)
DA:1,0
DA:4,0
DA:6,0
DA:7,0
DA:20,0
DA:21,0
DA:31,0
DA:49,0
DA:50,0
DA:51,0
DA:53,0
DA:61,0
DA:62,0
DA:63,0
DA:65,0
DA:66,0
DA:71,0
DA:72,0
DA:157,0
DA:163,0
DA:186,0
DA:188,0
DA:276,0
DA:284,0
LF:24
LH:0
BRDA:6,0,0,0
BRDA:6,0,1,0
BRDA:6,1,0,0
BRDA:6,1,1,0
BRDA:20,2,0,0
BRDA:20,2,1,0
BRDA:33,3,0,0
BRDA:33,3,1,0
BRDA:54,4,0,0
BRDA:54,4,1,0
BRDA:54,4,2,0
BRDA:186,5,0,0
BRDA:186,5,1,0
BRDA:220,6,0,0
BRDA:220,6,1,0
BRDA:229,7,0,0
BRDA:229,7,1,0
BRDA:258,8,0,0
BRDA:258,8,1,0
BRDA:264,9,0,0
BRDA:264,9,1,0
BRDA:320,10,0,0
BRDA:320,10,1,0
BRDA:346,11,0,0
BRDA:346,11,1,0
BRF:25
BRH:0
end_of_record
TN:
SF:server/supabase.ts
FN:33,(anonymous_7)
FN:35,(anonymous_8)
FN:51,(anonymous_9)
FN:56,(anonymous_10)
FN:94,(anonymous_11)
FN:94,(anonymous_12)
FN:110,(anonymous_13)
FN:114,(anonymous_14)
FN:131,(anonymous_15)
FN:136,(anonymous_16)
FN:150,(anonymous_17)
FN:157,(anonymous_18)
FN:174,(anonymous_19)
FN:174,(anonymous_20)
FNF:14
FNH:0
FNDA:0,(anonymous_7)
FNDA:0,(anonymous_8)
FNDA:0,(anonymous_9)
FNDA:0,(anonymous_10)
FNDA:0,(anonymous_11)
FNDA:0,(anonymous_12)
FNDA:0,(anonymous_13)
FNDA:0,(anonymous_14)
FNDA:0,(anonymous_15)
FNDA:0,(anonymous_16)
FNDA:0,(anonymous_17)
FNDA:0,(anonymous_18)
FNDA:0,(anonymous_19)
FNDA:0,(anonymous_20)
DA:1,0
DA:3,0
DA:4,0
DA:6,0
DA:7,0
DA:12,0
DA:33,0
DA:35,0
DA:36,0
DA:37,0
DA:40,0
DA:46,0
DA:47,0
DA:51,0
DA:56,0
DA:57,0
DA:58,0
DA:61,0
DA:64,0
DA:65,0
DA:68,0
DA:69,0
DA:75,0
DA:76,0
DA:80,0
DA:82,0
DA:84,0
DA:94,0
DA:95,0
DA:96,0
DA:99,0
DA:105,0
DA:106,0
DA:110,0
DA:114,0
DA:115,0
DA:116,0
DA:119,0
DA:124,0
DA:127,0
DA:131,0
DA:136,0
DA:137,0
DA:139,0
DA:150,0
DA:157,0
DA:158,0
DA:160,0
DA:174,0
DA:175,0
DA:176,0
DA:179,0
DA:180,0
DA:182,0
DA:183,0
DA:188,0
DA:191,0
LF:57
LH:0
BRDA:6,0,0,0
BRDA:6,0,1,0
BRDA:6,1,0,0
BRDA:6,1,1,0
BRDA:12,2,0,0
BRDA:12,2,1,0
BRDA:12,3,0,0
BRDA:12,3,1,0
BRDA:36,4,0,0
BRDA:36,4,1,0
BRDA:46,5,0,0
BRDA:46,5,1,0
BRDA:52,6,0,0
BRDA:53,7,0,0
BRDA:57,8,0,0
BRDA:57,8,1,0
BRDA:64,9,0,0
BRDA:64,9,1,0
BRDA:64,10,0,0
BRDA:64,10,1,0
BRDA:68,11,0,0
BRDA:68,11,1,0
BRDA:82,12,0,0
BRDA:82,12,1,0
BRDA:85,13,0,0
BRDA:85,13,1,0
BRDA:86,14,0,0
BRDA:86,14,1,0
BRDA:89,15,0,0
BRDA:89,15,1,0
BRDA:95,16,0,0
BRDA:95,16,1,0
BRDA:105,17,0,0
BRDA:105,17,1,0
BRDA:115,18,0,0
BRDA:115,18,1,0
BRDA:124,19,0,0
BRDA:124,19,1,0
BRDA:137,20,0,0
BRDA:137,20,1,0
BRDA:158,21,0,0
BRDA:158,21,1,0
BRDA:175,22,0,0
BRDA:175,22,1,0
BRDA:188,23,0,0
BRDA:188,23,1,0
BRF:46
BRH:0
end_of_record
TN:
SF:server/__tests__/fixtures/billing.fixtures.ts
FNF:0
FNH:0
DA:6,1
DA:54,1
DA:85,1
DA:103,1
LF:4
LH:4
BRF:0
BRH:0
end_of_record
TN:
SF:server/__tests__/fixtures/campaign.fixtures.ts
FNF:0
FNH:0
DA:6,1
DA:48,1
DA:78,1
LF:3
LH:3
BRF:0
BRH:0
end_of_record
TN:
SF:server/__tests__/fixtures/user.fixtures.ts
FNF:0
FNH:0
DA:6,1
DA:36,1
DA:57,1
LF:3
LH:3
BRF:0
BRH:0
end_of_record
TN:
SF:server/__tests__/utils/test-helpers.ts
FN:11,createMockRequest
FN:27,createMockResponse
FN:29,(anonymous_9)
FN:30,(anonymous_10)
FN:31,(anonymous_11)
FN:32,(anonymous_12)
FN:34,(anonymous_13)
FN:35,(anonymous_14)
FN:45,createMockNext
FN:52,expectStatus
FN:63,expectJSONResponse
FN:77,createPaginationRequest
FN:86,createAuthenticatedRequest
FN:99,waitFor
FN:100,(anonymous_21)
FN:109,(anonymous_22)
FN:116,delay
FN:117,(anonymous_24)
FN:123,generateTestId
FN:130,createDatabaseError
FN:142,createValidationError
FN:153,expectErrorResponse
FNF:22
FNH:3
FNDA:41,createMockRequest
FNDA:41,createMockResponse
FNDA:0,(anonymous_9)
FNDA:0,(anonymous_10)
FNDA:0,(anonymous_11)
FNDA:0,(anonymous_12)
FNDA:0,(anonymous_13)
FNDA:0,(anonymous_14)
FNDA:0,createMockNext
FNDA:0,expectStatus
FNDA:0,expectJSONResponse
FNDA:0,createPaginationRequest
FNDA:32,createAuthenticatedRequest
FNDA:0,waitFor
FNDA:0,(anonymous_21)
FNDA:0,(anonymous_22)
FNDA:0,delay
FNDA:0,(anonymous_24)
FNDA:0,generateTestId
FNDA:0,createDatabaseError
FNDA:0,createValidationError
FNDA:0,expectErrorResponse
DA:11,3
DA:12,41
DA:27,3
DA:28,41
DA:29,41
DA:30,41
DA:31,41
DA:32,41
DA:33,41
DA:34,41
DA:35,41
DA:36,0
DA:37,0
DA:39,41
DA:45,3
DA:46,0
DA:52,3
DA:56,0
DA:57,0
DA:63,3
DA:67,0
DA:68,0
DA:70,0
DA:71,0
DA:77,3
DA:78,0
DA:86,3
DA:87,32
DA:99,3
DA:100,0
DA:104,0
DA:105,0
DA:106,0
DA:107,0
DA:109,0
DA:116,3
DA:117,0
DA:123,3
DA:124,0
DA:130,3
DA:134,0
DA:135,0
DA:136,0
DA:142,3
DA:143,0
DA:153,3
DA:157,0
DA:158,0
DA:160,0
DA:161,0
DA:162,0
DA:163,0
LF:52
LH:24
BRDA:11,0,0,0
BRDA:37,1,0,0
BRDA:37,1,1,0
BRDA:56,2,0,0
BRDA:56,2,1,0
BRDA:67,3,0,0
BRDA:67,3,1,0
BRDA:77,4,0,0
BRDA:77,5,0,0
BRDA:86,6,0,31
BRDA:101,7,0,0
BRDA:102,8,0,0
BRDA:106,9,0,0
BRDA:106,9,1,0
BRDA:123,10,0,0
BRDA:131,11,0,0
BRDA:132,12,0,0
BRDA:157,13,0,0
BRDA:157,13,1,0
BRDA:162,14,0,0
BRDA:162,14,1,0
BRF:21
BRH:1
end_of_record
TN:
SF:server/config/whitelabel.config.ts
FN:159,getWhitelabelConfig
FN:199,getConfigFromEnv
FN:224,getAccountFeatures
FN:234,getAccountLimits
FN:244,isValidPlan
FNF:5
FNH:0
FNDA:0,getWhitelabelConfig
FNDA:0,getConfigFromEnv
FNDA:0,getAccountFeatures
FNDA:0,getAccountLimits
FNDA:0,isValidPlan
DA:62,0
DA:159,0
DA:162,0
DA:199,0
DA:200,0
DA:224,0
DA:228,0
DA:234,0
DA:238,0
DA:244,0
DA:247,0
DA:253,0
DA:273,0
LF:13
LH:0
BRDA:167,0,0,0
BRDA:167,0,1,0
BRDA:167,1,0,0
BRDA:167,1,1,0
BRDA:167,2,0,0
BRDA:167,2,1,0
BRDA:171,3,0,0
BRDA:171,3,1,0
BRDA:171,4,0,0
BRDA:171,4,1,0
BRDA:171,5,0,0
BRDA:171,5,1,0
BRDA:175,6,0,0
BRDA:175,6,1,0
BRDA:175,7,0,0
BRDA:175,7,1,0
BRDA:175,8,0,0
BRDA:175,8,1,0
BRDA:179,9,0,0
BRDA:179,9,1,0
BRDA:179,10,0,0
BRDA:179,10,1,0
BRDA:179,11,0,0
BRDA:179,11,1,0
BRDA:183,12,0,0
BRDA:183,12,1,0
BRDA:183,13,0,0
BRDA:183,13,1,0
BRDA:183,14,0,0
BRDA:183,14,1,0
BRDA:187,15,0,0
BRDA:187,15,1,0
BRDA:187,16,0,0
BRDA:187,16,1,0
BRDA:187,17,0,0
BRDA:187,17,1,0
BRDA:191,18,0,0
BRDA:191,18,1,0
BRDA:191,19,0,0
BRDA:191,19,1,0
BRDA:191,20,0,0
BRDA:191,20,1,0
BRDA:202,21,0,0
BRDA:202,21,1,0
BRDA:203,22,0,0
BRDA:203,22,1,0
BRDA:228,23,0,0
BRDA:228,23,1,0
BRDA:238,24,0,0
BRDA:238,24,1,0
BRF:50
BRH:0
end_of_record
TN:
SF:server/integrations/elevenlabs-routes.ts
FN:25,createElevenLabsRouter
FN:38,(anonymous_8)
FN:38,(anonymous_9)
FN:101,(anonymous_10)
FN:101,(anonymous_11)
FN:184,(anonymous_12)
FN:184,(anonymous_13)
FN:224,(anonymous_14)
FN:224,(anonymous_15)
FN:235,(anonymous_16)
FN:261,(anonymous_17)
FN:261,(anonymous_18)
FN:290,(anonymous_19)
FN:290,(anonymous_20)
FN:324,(anonymous_21)
FN:355,(anonymous_22)
FN:355,(anonymous_23)
FN:360,(anonymous_24)
FN:377,(anonymous_25)
FN:377,(anonymous_26)
FN:402,(anonymous_27)
FN:402,(anonymous_28)
FN:440,(anonymous_29)
FN:440,(anonymous_30)
FN:470,twilioWebhookMiddleware
FN:471,(anonymous_32)
FN:484,verifyTwilioSignature
FN:485,(anonymous_34)
FN:504,registerElevenLabsRoutes
FNF:29
FNH:0
FNDA:0,createElevenLabsRouter
FNDA:0,(anonymous_8)
FNDA:0,(anonymous_9)
FNDA:0,(anonymous_10)
FNDA:0,(anonymous_11)
FNDA:0,(anonymous_12)
FNDA:0,(anonymous_13)
FNDA:0,(anonymous_14)
FNDA:0,(anonymous_15)
FNDA:0,(anonymous_16)
FNDA:0,(anonymous_17)
FNDA:0,(anonymous_18)
FNDA:0,(anonymous_19)
FNDA:0,(anonymous_20)
FNDA:0,(anonymous_21)
FNDA:0,(anonymous_22)
FNDA:0,(anonymous_23)
FNDA:0,(anonymous_24)
FNDA:0,(anonymous_25)
FNDA:0,(anonymous_26)
FNDA:0,(anonymous_27)
FNDA:0,(anonymous_28)
FNDA:0,(anonymous_29)
FNDA:0,(anonymous_30)
FNDA:0,twilioWebhookMiddleware
FNDA:0,(anonymous_32)
FNDA:0,verifyTwilioSignature
FNDA:0,(anonymous_34)
FNDA:0,registerElevenLabsRoutes
DA:8,0
DA:9,0
DA:19,0
DA:25,0
DA:26,0
DA:38,0
DA:39,0
DA:40,0
DA:82,0
DA:83,0
DA:84,0
DA:86,0
DA:87,0
DA:90,0
DA:91,0
DA:101,0
DA:102,0
DA:103,0
DA:105,0
DA:128,0
DA:130,0
DA:132,0
DA:135,0
DA:136,0
DA:137,0
DA:141,0
DA:147,0
DA:148,0
DA:149,0
DA:151,0
DA:154,0
DA:155,0
DA:156,0
DA:157,0
DA:158,0
DA:159,0
DA:162,0
DA:163,0
DA:165,0
DA:166,0
DA:169,0
DA:170,0
DA:184,0
DA:185,0
DA:186,0
DA:188,0
DA:189,0
DA:190,0
DA:194,0
DA:195,0
DA:196,0
DA:197,0
DA:200,0
DA:205,0
DA:206,0
DA:208,0
DA:209,0
DA:224,0
DA:225,0
DA:226,0
DA:228,0
DA:229,0
DA:230,0
DA:233,0
DA:235,0
DA:247,0
DA:248,0
DA:250,0
DA:251,0
DA:261,0
DA:262,0
DA:267,0
DA:269,0
DA:276,0
DA:277,0
DA:279,0
DA:280,0
DA:290,0
DA:291,0
DA:297,0
DA:299,0
DA:300,0
DA:301,0
DA:304,0
DA:312,0
DA:313,0
DA:315,0
DA:316,0
DA:324,0
DA:325,0
DA:326,0
DA:327,0
DA:329,0
DA:330,0
DA:334,0
DA:337,0
DA:338,0
DA:339,0
DA:341,0
DA:342,0
DA:355,0
DA:356,0
DA:357,0
DA:358,0
DA:360,0
DA:367,0
DA:368,0
DA:377,0
DA:378,0
DA:379,0
DA:380,0
DA:381,0
DA:383,0
DA:391,0
DA:392,0
DA:402,0
DA:403,0
DA:404,0
DA:407,0
DA:408,0
DA:409,0
DA:410,0
DA:413,0
DA:418,0
DA:426,0
DA:427,0
DA:440,0
DA:441,0
DA:443,0
DA:445,0
DA:451,0
DA:452,0
DA:460,0
DA:470,0
DA:471,0
DA:473,0
DA:476,0
DA:484,0
DA:485,0
DA:488,0
DA:504,0
DA:509,0
DA:510,0
DA:511,0
LF:144
LH:0
BRDA:130,0,0,0
BRDA:130,0,1,0
BRDA:148,1,0,0
BRDA:148,1,1,0
BRDA:154,2,0,0
BRDA:154,2,1,0
BRDA:157,3,0,0
BRDA:157,3,1,0
BRDA:188,4,0,0
BRDA:188,4,1,0
BRDA:195,5,0,0
BRDA:195,5,1,0
BRDA:202,6,0,0
BRDA:202,6,1,0
BRDA:228,7,0,0
BRDA:228,7,1,0
BRDA:228,8,0,0
BRDA:228,8,1,0
BRDA:234,9,0,0
BRDA:234,9,1,0
BRDA:237,10,0,0
BRDA:237,10,1,0
BRDA:240,11,0,0
BRDA:240,11,1,0
BRDA:243,12,0,0
BRDA:243,12,1,0
BRDA:244,13,0,0
BRDA:244,13,1,0
BRDA:264,14,0,0
BRDA:265,15,0,0
BRDA:266,16,0,0
BRDA:294,17,0,0
BRDA:295,18,0,0
BRDA:296,19,0,0
BRDA:299,20,0,0
BRDA:299,20,1,0
BRDA:329,21,0,0
BRDA:329,21,1,0
BRDA:388,22,0,0
BRDA:388,22,1,0
BRDA:388,23,0,0
BRDA:388,23,1,0
BRDA:404,24,0,0
BRDA:408,25,0,0
BRDA:408,25,1,0
BRDA:422,26,0,0
BRDA:422,26,1,0
BRDA:422,27,0,0
BRDA:422,27,1,0
BRDA:473,28,0,0
BRDA:473,28,1,0
BRDA:507,29,0,0
BRF:52
BRH:0
end_of_record
TN:
SF:server/integrations/twilio-examples.ts
FN:36,exampleMakeGreetingCall
FN:68,exampleMakeSurveyCall
FN:96,exampleCallWithMachineDetection
FN:123,exampleCheckCallStatus
FN:143,exampleTrackCampaignCalls
FN:149,(anonymous_17)
FN:157,(anonymous_18)
FN:158,(anonymous_19)
FN:159,(anonymous_20)
FN:161,(anonymous_21)
FN:166,(anonymous_22)
FN:186,exampleGetRecordingDetails
FN:219,exampleTranscribeRecording
FN:270,exampleArchiveOldRecordings
FN:270,(anonymous_28)
FN:313,exampleSendAppointmentReminder
FN:340,exampleSendBulkPromotion
FN:368,(anonymous_33)
FN:371,(anonymous_34)
FN:386,exampleSendMMS
FN:410,exampleTrackMessageDelivery
FN:434,exampleGetConversationHistory
FN:473,exampleCompleteCampaignWorkflow
FN:512,(anonymous_43)
FN:540,exampleErrorHandling
FNF:25
FNH:0
FNDA:0,exampleMakeGreetingCall
FNDA:0,exampleMakeSurveyCall
FNDA:0,exampleCallWithMachineDetection
FNDA:0,exampleCheckCallStatus
FNDA:0,exampleTrackCampaignCalls
FNDA:0,(anonymous_17)
FNDA:0,(anonymous_18)
FNDA:0,(anonymous_19)
FNDA:0,(anonymous_20)
FNDA:0,(anonymous_21)
FNDA:0,(anonymous_22)
FNDA:0,exampleGetRecordingDetails
FNDA:0,exampleTranscribeRecording
FNDA:0,exampleArchiveOldRecordings
FNDA:0,(anonymous_28)
FNDA:0,exampleSendAppointmentReminder
FNDA:0,exampleSendBulkPromotion
FNDA:0,(anonymous_33)
FNDA:0,(anonymous_34)
FNDA:0,exampleSendMMS
FNDA:0,exampleTrackMessageDelivery
FNDA:0,exampleGetConversationHistory
FNDA:0,exampleCompleteCampaignWorkflow
FNDA:0,(anonymous_43)
FNDA:0,exampleErrorHandling
DA:13,0
DA:36,0
DA:37,0
DA:38,0
DA:55,0
DA:56,0
DA:58,0
DA:59,0
DA:68,0
DA:69,0
DA:70,0
DA:84,0
DA:86,0
DA:87,0
DA:96,0
DA:100,0
DA:101,0
DA:113,0
DA:115,0
DA:116,0
DA:123,0
DA:124,0
DA:125,0
DA:127,0
DA:128,0
DA:129,0
DA:130,0
DA:131,0
DA:133,0
DA:135,0
DA:136,0
DA:143,0
DA:144,0
DA:146,0
DA:149,0
DA:151,0
DA:155,0
DA:157,0
DA:158,0
DA:159,0
DA:161,0
DA:166,0
DA:171,0
DA:172,0
DA:174,0
DA:175,0
DA:186,0
DA:187,0
DA:189,0
DA:191,0
DA:193,0
DA:194,0
DA:195,0
DA:196,0
DA:197,0
DA:200,0
DA:201,0
DA:203,0
DA:204,0
DA:207,0
DA:209,0
DA:210,0
DA:219,0
DA:223,0
DA:224,0
DA:226,0
DA:227,0
DA:228,0
DA:231,0
DA:232,0
DA:237,0
DA:240,0
DA:241,0
DA:244,0
DA:248,0
DA:251,0
DA:252,0
DA:254,0
DA:262,0
DA:263,0
DA:270,0
DA:271,0
DA:272,0
DA:273,0
DA:277,0
DA:279,0
DA:280,0
DA:282,0
DA:283,0
DA:285,0
DA:286,0
DA:289,0
DA:296,0
DA:299,0
DA:301,0
DA:302,0
DA:313,0
DA:321,0
DA:322,0
DA:329,0
DA:330,0
DA:332,0
DA:333,0
DA:340,0
DA:344,0
DA:345,0
DA:347,0
DA:348,0
DA:349,0
DA:354,0
DA:360,0
DA:368,0
DA:371,0
DA:372,0
DA:376,0
DA:378,0
DA:379,0
DA:386,0
DA:391,0
DA:392,0
DA:399,0
DA:400,0
DA:402,0
DA:403,0
DA:410,0
DA:411,0
DA:412,0
DA:414,0
DA:415,0
DA:416,0
DA:417,0
DA:418,0
DA:420,0
DA:421,0
DA:424,0
DA:426,0
DA:427,0
DA:434,0
DA:438,0
DA:439,0
DA:441,0
DA:443,0
DA:444,0
DA:445,0
DA:449,0
DA:450,0
DA:454,0
DA:456,0
DA:457,0
DA:473,0
DA:481,0
DA:487,0
DA:490,0
DA:491,0
DA:492,0
DA:500,0
DA:509,0
DA:512,0
DA:514,0
DA:519,0
DA:520,0
DA:523,0
DA:533,0
DA:534,0
DA:540,0
DA:541,0
DA:542,0
DA:547,0
DA:549,0
DA:551,0
DA:552,0
DA:553,0
DA:555,0
DA:556,0
DA:557,0
DA:559,0
DA:560,0
DA:563,0
DA:564,0
LF:179
LH:0
BRDA:131,0,0,0
BRDA:131,0,1,0
BRDA:161,1,0,0
BRDA:161,1,1,0
BRDA:165,2,0,0
BRDA:165,2,1,0
BRDA:166,3,0,0
BRDA:166,3,1,0
BRDA:226,4,0,0
BRDA:226,4,1,0
BRDA:237,5,0,0
BRDA:237,5,1,0
BRDA:241,6,0,0
BRDA:241,6,1,0
BRDA:270,7,0,0
BRDA:283,8,0,0
BRDA:283,8,1,0
BRDA:418,9,0,0
BRDA:418,9,1,0
BRDA:420,10,0,0
BRDA:420,10,1,0
BRDA:444,11,0,0
BRDA:444,11,1,0
BRDA:449,12,0,0
BRDA:449,12,1,0
BRDA:449,13,0,0
BRDA:449,13,1,0
BRDA:549,14,0,0
BRDA:549,14,1,0
BRDA:553,15,0,0
BRDA:553,15,1,0
BRDA:557,16,0,0
BRDA:557,16,1,0
BRF:33
BRH:0
end_of_record
TN:
SF:server/middleware/rateLimiter.ts
FN:7,(anonymous_1)
FN:21,(anonymous_2)
FN:25,(anonymous_3)
FN:39,(anonymous_4)
FN:47,(anonymous_5)
FNF:5
FNH:0
FNDA:0,(anonymous_1)
FNDA:0,(anonymous_2)
FNDA:0,(anonymous_3)
FNDA:0,(anonymous_4)
FNDA:0,(anonymous_5)
DA:1,0
DA:4,0
DA:9,0
DA:23,0
DA:26,0
DA:36,0
DA:40,0
DA:48,0
LF:8
LH:0
BRDA:5,0,0,0
BRDA:5,0,1,0
BRDA:6,1,0,0
BRDA:6,1,1,0
BRDA:10,2,0,0
BRDA:10,2,1,0
BRDA:10,2,2,0
BRDA:10,3,0,0
BRDA:10,3,1,0
BRDA:10,4,0,0
BRDA:10,4,1,0
BRDA:40,5,0,0
BRDA:40,5,1,0
BRDA:40,5,2,0
BRDA:40,6,0,0
BRDA:40,6,1,0
BRDA:40,7,0,0
BRDA:40,7,1,0
BRF:18
BRH:0
end_of_record
TN:
SF:server/middleware/tenantMiddleware.ts
FN:20,(anonymous_7)
FN:24,(anonymous_8)
FN:75,(anonymous_9)
FN:76,(anonymous_10)
FN:89,(anonymous_11)
FN:89,(anonymous_12)
FN:107,(anonymous_13)
FN:120,executeWithTenant
FNF:8
FNH:0
FNDA:0,(anonymous_7)
FNDA:0,(anonymous_8)
FNDA:0,(anonymous_9)
FNDA:0,(anonymous_10)
FNDA:0,(anonymous_11)
FNDA:0,(anonymous_12)
FNDA:0,(anonymous_13)
FNDA:0,executeWithTenant
DA:2,0
DA:20,0
DA:24,0
DA:25,0
DA:27,0
DA:28,0
DA:29,0
DA:32,0
DA:38,0
DA:40,0
DA:41,0
DA:45,0
DA:52,0
DA:53,0
DA:59,0
DA:60,0
DA:61,0
DA:62,0
DA:64,0
DA:66,0
DA:67,0
DA:74,0
DA:75,0
DA:76,0
DA:77,0
DA:78,0
DA:82,0
DA:88,0
DA:89,0
DA:91,0
DA:92,0
DA:96,0
DA:97,0
DA:100,0
DA:107,0
DA:112,0
DA:113,0
DA:120,0
DA:126,0
LF:39
LH:0
BRDA:28,0,0,0
BRDA:28,0,1,0
BRDA:28,1,0,0
BRDA:28,1,1,0
BRDA:28,2,0,0
BRDA:28,2,1,0
BRDA:40,3,0,0
BRDA:40,3,1,0
BRDA:40,4,0,0
BRDA:40,4,1,0
BRDA:52,5,0,0
BRDA:52,5,1,0
BRDA:52,6,0,0
BRDA:52,6,1,0
BRDA:62,7,0,0
BRDA:62,7,1,0
BRDA:62,8,0,0
BRDA:62,8,1,0
BRDA:62,9,0,0
BRDA:62,9,1,0
BRDA:77,10,0,0
BRDA:77,10,1,0
BRDA:77,11,0,0
BRDA:77,11,1,0
BRDA:91,12,0,0
BRDA:91,12,1,0
BRDA:91,13,0,0
BRDA:91,13,1,0
BRDA:96,14,0,0
BRDA:96,14,1,0
BRDA:96,15,0,0
BRDA:96,15,1,0
BRDA:96,16,0,0
BRDA:96,16,1,0
BRDA:112,17,0,0
BRDA:112,17,1,0
BRF:36
BRH:0
end_of_record
TN:
SF:server/middleware/whitelabel.ts
FN:94,extractSubdomain
FN:104,(anonymous_9)
FN:113,(anonymous_10)
FN:125,loadAccountFromDatabase
FN:160,loadMasterAccount
FN:192,resolveAccountFromHostname
FN:237,(anonymous_17)
FN:241,(anonymous_18)
FN:287,normalizeBranding
FN:311,(anonymous_20)
FN:330,(anonymous_21)
FN:354,(anonymous_22)
FN:355,(anonymous_23)
FN:377,clearAccountCache
FN:381,(anonymous_25)
FN:395,getCachedAccount
FN:402,setCachedAccount
FNF:17
FNH:0
FNDA:0,extractSubdomain
FNDA:0,(anonymous_9)
FNDA:0,(anonymous_10)
FNDA:0,loadAccountFromDatabase
FNDA:0,loadMasterAccount
FNDA:0,resolveAccountFromHostname
FNDA:0,(anonymous_17)
FNDA:0,(anonymous_18)
FNDA:0,normalizeBranding
FNDA:0,(anonymous_20)
FNDA:0,(anonymous_21)
FNDA:0,(anonymous_22)
FNDA:0,(anonymous_23)
FNDA:0,clearAccountCache
FNDA:0,(anonymous_25)
FNDA:0,getCachedAccount
FNDA:0,setCachedAccount
DA:2,0
DA:3,0
DA:9,0
DA:96,0
DA:97,0
DA:100,0
DA:101,0
DA:104,0
DA:105,0
DA:108,0
DA:109,0
DA:113,0
DA:114,0
DA:116,0
DA:117,0
DA:119,0
DA:129,0
DA:130,0
DA:131,0
DA:134,0
DA:135,0
DA:142,0
DA:143,0
DA:145,0
DA:147,0
DA:150,0
DA:152,0
DA:153,0
DA:161,0
DA:162,0
DA:165,0
DA:166,0
DA:174,0
DA:175,0
DA:178,0
DA:180,0
DA:181,0
DA:195,0
DA:198,0
DA:199,0
DA:200,0
DA:203,0
DA:206,0
DA:207,0
DA:208,0
DA:212,0
DA:213,0
DA:217,0
DA:218,0
DA:222,0
DA:223,0
DA:226,0
DA:237,0
DA:241,0
DA:242,0
DA:243,0
DA:246,0
DA:248,0
DA:250,0
DA:251,0
DA:252,0
DA:253,0
DA:256,0
DA:259,0
DA:260,0
DA:261,0
DA:262,0
DA:265,0
DA:272,0
DA:276,0
DA:278,0
DA:280,0
DA:287,0
DA:288,0
DA:311,0
DA:316,0
DA:317,0
DA:321,0
DA:324,0
DA:330,0
DA:335,0
DA:336,0
DA:337,0
DA:340,0
DA:341,0
DA:345,0
DA:348,0
DA:354,0
DA:355,0
DA:356,0
DA:357,0
DA:358,0
DA:361,0
DA:362,0
DA:363,0
DA:367,0
DA:370,0
DA:377,0
DA:378,0
DA:380,0
DA:381,0
DA:382,0
DA:383,0
DA:388,0
DA:395,0
DA:396,0
DA:402,0
DA:403,0
LF:108
LH:0
BRDA:96,0,0,0
BRDA:96,0,1,0
BRDA:96,1,0,0
BRDA:96,1,1,0
BRDA:108,2,0,0
BRDA:108,2,1,0
BRDA:108,3,0,0
BRDA:108,3,1,0
BRDA:113,4,0,0
BRDA:113,4,1,0
BRDA:113,5,0,0
BRDA:113,5,1,0
BRDA:116,6,0,0
BRDA:116,6,1,0
BRDA:116,7,0,0
BRDA:116,7,1,0
BRDA:116,8,0,0
BRDA:116,8,1,0
BRDA:119,9,0,0
BRDA:119,9,1,0
BRDA:129,10,0,0
BRDA:129,10,1,0
BRDA:142,11,0,0
BRDA:142,11,1,0
BRDA:143,12,0,0
BRDA:143,12,1,0
BRDA:161,13,0,0
BRDA:161,13,1,0
BRDA:174,14,0,0
BRDA:174,14,1,0
BRDA:199,15,0,0
BRDA:199,15,1,0
BRDA:207,16,0,0
BRDA:207,16,1,0
BRDA:212,17,0,0
BRDA:212,17,1,0
BRDA:217,18,0,0
BRDA:217,18,1,0
BRDA:222,19,0,0
BRDA:222,19,1,0
BRDA:243,20,0,0
BRDA:243,20,1,0
BRDA:248,21,0,0
BRDA:248,21,1,0
BRDA:262,22,0,0
BRDA:262,22,1,0
BRDA:289,23,0,0
BRDA:289,23,1,0
BRDA:289,24,0,0
BRDA:289,24,1,0
BRDA:289,25,0,0
BRDA:289,25,1,0
BRDA:290,26,0,0
BRDA:290,26,1,0
BRDA:290,27,0,0
BRDA:290,27,1,0
BRDA:290,28,0,0
BRDA:290,28,1,0
BRDA:291,29,0,0
BRDA:291,29,1,0
BRDA:291,30,0,0
BRDA:291,30,1,0
BRDA:291,31,0,0
BRDA:291,31,1,0
BRDA:292,32,0,0
BRDA:292,32,1,0
BRDA:292,33,0,0
BRDA:292,33,1,0
BRDA:292,34,0,0
BRDA:292,34,1,0
BRDA:293,35,0,0
BRDA:293,35,1,0
BRDA:293,36,0,0
BRDA:293,36,1,0
BRDA:293,37,0,0
BRDA:293,37,1,0
BRDA:294,38,0,0
BRDA:294,38,1,0
BRDA:294,39,0,0
BRDA:294,39,1,0
BRDA:294,40,0,0
BRDA:294,40,1,0
BRDA:295,41,0,0
BRDA:295,41,1,0
BRDA:295,42,0,0
BRDA:295,42,1,0
BRDA:295,43,0,0
BRDA:295,43,1,0
BRDA:296,44,0,0
BRDA:296,44,1,0
BRDA:296,45,0,0
BRDA:296,45,1,0
BRDA:296,46,0,0
BRDA:296,46,1,0
BRDA:297,47,0,0
BRDA:297,47,1,0
BRDA:297,48,0,0
BRDA:297,48,1,0
BRDA:297,49,0,0
BRDA:297,49,1,0
BRDA:298,50,0,0
BRDA:298,50,1,0
BRDA:298,51,0,0
BRDA:298,51,1,0
BRDA:298,52,0,0
BRDA:298,52,1,0
BRDA:299,53,0,0
BRDA:299,53,1,0
BRDA:299,54,0,0
BRDA:299,54,1,0
BRDA:299,55,0,0
BRDA:299,55,1,0
BRDA:300,56,0,0
BRDA:300,56,1,0
BRDA:300,57,0,0
BRDA:300,57,1,0
BRDA:300,58,0,0
BRDA:300,58,1,0
BRDA:301,59,0,0
BRDA:301,59,1,0
BRDA:301,60,0,0
BRDA:301,60,1,0
BRDA:301,61,0,0
BRDA:301,61,1,0
BRDA:302,62,0,0
BRDA:302,62,1,0
BRDA:302,63,0,0
BRDA:302,63,1,0
BRDA:302,64,0,0
BRDA:302,64,1,0
BRDA:316,65,0,0
BRDA:316,65,1,0
BRDA:316,66,0,0
BRDA:316,66,1,0
BRDA:335,67,0,0
BRDA:335,67,1,0
BRDA:340,68,0,0
BRDA:340,68,1,0
BRDA:356,69,0,0
BRDA:356,69,1,0
BRDA:361,70,0,0
BRDA:361,70,1,0
BRDA:361,71,0,0
BRDA:361,71,1,0
BRDA:361,72,0,0
BRDA:361,72,1,0
BRDA:362,73,0,0
BRDA:362,73,1,0
BRDA:378,74,0,0
BRDA:378,74,1,0
BRDA:382,75,0,0
BRDA:382,75,1,0
BRF:152
BRH:0
end_of_record
TN:
SF:server/routes/auth.ts
FN:27,(anonymous_8)
FN:27,(anonymous_9)
FN:149,(anonymous_10)
FN:149,(anonymous_11)
FN:175,(anonymous_12)
FN:175,(anonymous_13)
FN:247,(anonymous_14)
FN:247,(anonymous_15)
FNF:8
FNH:0
FNDA:0,(anonymous_8)
FNDA:0,(anonymous_9)
FNDA:0,(anonymous_10)
FNDA:0,(anonymous_11)
FNDA:0,(anonymous_12)
FNDA:0,(anonymous_13)
FNDA:0,(anonymous_14)
FNDA:0,(anonymous_15)
DA:1,0
DA:2,0
DA:3,0
DA:5,0
DA:27,0
DA:28,0
DA:31,0
DA:32,0
DA:40,0
DA:41,0
DA:42,0
DA:49,0
DA:51,0
DA:52,0
DA:59,0
DA:65,0
DA:66,0
DA:69,0
DA:70,0
DA:71,0
DA:72,0
DA:73,0
DA:74,0
DA:75,0
DA:78,0
DA:85,0
DA:86,0
DA:94,0
DA:101,0
DA:102,0
DA:108,0
DA:109,0
DA:121,0
DA:134,0
DA:135,0
DA:137,0
DA:149,0
DA:150,0
DA:152,0
DA:153,0
DA:156,0
DA:161,0
DA:163,0
DA:175,0
DA:176,0
DA:178,0
DA:179,0
DA:186,0
DA:187,0
DA:188,0
DA:194,0
DA:198,0
DA:199,0
DA:207,0
DA:208,0
DA:218,0
DA:225,0
DA:227,0
DA:247,0
DA:248,0
DA:251,0
DA:252,0
DA:259,0
DA:260,0
DA:267,0
DA:268,0
DA:269,0
DA:276,0
DA:287,0
DA:288,0
DA:290,0
DA:291,0
DA:292,0
DA:293,0
DA:294,0
DA:297,0
DA:304,0
DA:305,0
DA:312,0
DA:321,0
DA:323,0
DA:331,0
LF:82
LH:0
BRDA:31,0,0,0
BRDA:31,0,1,0
BRDA:31,1,0,0
BRDA:31,1,1,0
BRDA:41,2,0,0
BRDA:41,2,1,0
BRDA:51,3,0,0
BRDA:51,3,1,0
BRDA:65,4,0,0
BRDA:65,4,1,0
BRDA:70,5,0,0
BRDA:70,5,1,0
BRDA:70,6,0,0
BRDA:70,6,1,0
BRDA:70,7,0,0
BRDA:70,7,1,0
BRDA:72,8,0,0
BRDA:72,8,1,0
BRDA:72,9,0,0
BRDA:72,9,1,0
BRDA:72,10,0,0
BRDA:72,10,1,0
BRDA:74,11,0,0
BRDA:74,11,1,0
BRDA:74,12,0,0
BRDA:74,12,1,0
BRDA:74,13,0,0
BRDA:74,13,1,0
BRDA:80,14,0,0
BRDA:80,14,1,0
BRDA:85,15,0,0
BRDA:85,15,1,0
BRDA:85,16,0,0
BRDA:85,16,1,0
BRDA:101,17,0,0
BRDA:101,17,1,0
BRDA:101,18,0,0
BRDA:101,18,1,0
BRDA:108,19,0,0
BRDA:108,19,1,0
BRDA:113,20,0,0
BRDA:113,20,1,0
BRDA:113,21,0,0
BRDA:113,21,1,0
BRDA:113,22,0,0
BRDA:113,22,1,0
BRDA:128,23,0,0
BRDA:128,23,1,0
BRDA:130,24,0,0
BRDA:130,24,1,0
BRDA:130,25,0,0
BRDA:130,25,1,0
BRDA:130,26,0,0
BRDA:130,26,1,0
BRDA:135,27,0,0
BRDA:135,27,1,0
BRDA:152,28,0,0
BRDA:152,28,1,0
BRDA:178,29,0,0
BRDA:178,29,1,0
BRDA:187,30,0,0
BRDA:187,30,1,0
BRDA:198,31,0,0
BRDA:198,31,1,0
BRDA:198,32,0,0
BRDA:198,32,1,0
BRDA:207,33,0,0
BRDA:207,33,1,0
BRDA:210,34,0,0
BRDA:210,34,1,0
BRDA:210,35,0,0
BRDA:210,35,1,0
BRDA:211,36,0,0
BRDA:211,36,1,0
BRDA:211,37,0,0
BRDA:211,37,1,0
BRDA:251,38,0,0
BRDA:251,38,1,0
BRDA:251,39,0,0
BRDA:251,39,1,0
BRDA:259,40,0,0
BRDA:259,40,1,0
BRDA:268,41,0,0
BRDA:268,41,1,0
BRDA:281,42,0,0
BRDA:281,42,1,0
BRDA:282,43,0,0
BRDA:282,43,1,0
BRDA:287,44,0,0
BRDA:287,44,1,0
BRDA:291,45,0,0
BRDA:291,45,1,0
BRDA:291,46,0,0
BRDA:291,46,1,0
BRDA:291,47,0,0
BRDA:291,47,1,0
BRDA:293,48,0,0
BRDA:293,48,1,0
BRDA:293,49,0,0
BRDA:293,49,1,0
BRDA:293,50,0,0
BRDA:293,50,1,0
BRDA:299,51,0,0
BRDA:299,51,1,0
BRDA:304,52,0,0
BRDA:304,52,1,0
BRF:106
BRH:0
end_of_record
TN:
SF:server/routes/branding.ts
FN:9,(anonymous_0)
FNF:1
FNH:0
FNDA:0,(anonymous_0)
DA:1,0
DA:3,0
DA:9,0
DA:10,0
DA:16,0
DA:19,0
LF:6
LH:0
BRDA:10,0,0,0
BRDA:10,0,1,0
BRF:2
BRH:0
end_of_record
TN:
SF:server/routes/crm.ts
FN:15,(anonymous_7)
FN:15,(anonymous_8)
FN:63,(anonymous_9)
FN:63,(anonymous_10)
FN:98,(anonymous_11)
FN:98,(anonymous_12)
FN:122,(anonymous_13)
FN:122,(anonymous_14)
FN:156,(anonymous_15)
FN:156,(anonymous_16)
FN:177,(anonymous_17)
FN:177,(anonymous_18)
FN:203,(anonymous_19)
FN:203,(anonymous_20)
FN:242,(anonymous_21)
FN:242,(anonymous_22)
FN:280,(anonymous_23)
FN:280,(anonymous_24)
FNF:18
FNH:0
FNDA:0,(anonymous_7)
FNDA:0,(anonymous_8)
FNDA:0,(anonymous_9)
FNDA:0,(anonymous_10)
FNDA:0,(anonymous_11)
FNDA:0,(anonymous_12)
FNDA:0,(anonymous_13)
FNDA:0,(anonymous_14)
FNDA:0,(anonymous_15)
FNDA:0,(anonymous_16)
FNDA:0,(anonymous_17)
FNDA:0,(anonymous_18)
FNDA:0,(anonymous_19)
FNDA:0,(anonymous_20)
FNDA:0,(anonymous_21)
FNDA:0,(anonymous_22)
FNDA:0,(anonymous_23)
FNDA:0,(anonymous_24)
DA:1,0
DA:2,0
DA:3,0
DA:5,0
DA:8,0
DA:15,0
DA:16,0
DA:17,0
DA:18,0
DA:20,0
DA:26,0
DA:27,0
DA:32,0
DA:33,0
DA:36,0
DA:37,0
DA:41,0
DA:42,0
DA:46,0
DA:48,0
DA:50,0
DA:57,0
DA:58,0
DA:63,0
DA:64,0
DA:65,0
DA:66,0
DA:68,0
DA:69,0
DA:72,0
DA:88,0
DA:90,0
DA:92,0
DA:93,0
DA:98,0
DA:99,0
DA:100,0
DA:101,0
DA:103,0
DA:110,0
DA:111,0
DA:114,0
DA:116,0
DA:117,0
DA:122,0
DA:123,0
DA:124,0
DA:125,0
DA:126,0
DA:128,0
DA:144,0
DA:145,0
DA:148,0
DA:150,0
DA:151,0
DA:156,0
DA:157,0
DA:158,0
DA:159,0
DA:161,0
DA:167,0
DA:169,0
DA:171,0
DA:172,0
DA:177,0
DA:178,0
DA:179,0
DA:180,0
DA:182,0
DA:189,0
DA:191,0
DA:193,0
DA:194,0
DA:203,0
DA:204,0
DA:205,0
DA:206,0
DA:208,0
DA:213,0
DA:214,0
DA:217,0
DA:218,0
DA:221,0
DA:222,0
DA:226,0
DA:228,0
DA:230,0
DA:236,0
DA:237,0
DA:242,0
DA:243,0
DA:244,0
DA:245,0
DA:247,0
DA:248,0
DA:253,0
DA:268,0
DA:270,0
DA:272,0
DA:273,0
DA:278,0
DA:280,0
DA:281,0
DA:282,0
DA:283,0
DA:284,0
DA:286,0
DA:287,0
DA:290,0
DA:301,0
DA:302,0
DA:305,0
DA:307,0
DA:308,0
DA:313,0
LF:115
LH:0
BRDA:17,0,0,0
BRDA:17,1,0,0
BRDA:26,2,0,0
BRDA:26,2,1,0
BRDA:26,3,0,0
BRDA:26,3,1,0
BRDA:32,4,0,0
BRDA:32,4,1,0
BRDA:32,5,0,0
BRDA:32,5,1,0
BRDA:36,6,0,0
BRDA:36,6,1,0
BRDA:36,7,0,0
BRDA:36,7,1,0
BRDA:41,8,0,0
BRDA:41,8,1,0
BRDA:48,9,0,0
BRDA:48,9,1,0
BRDA:51,10,0,0
BRDA:51,10,1,0
BRDA:52,11,0,0
BRDA:52,11,1,0
BRDA:53,12,0,0
BRDA:53,12,1,0
BRDA:68,13,0,0
BRDA:68,13,1,0
BRDA:68,14,0,0
BRDA:68,14,1,0
BRDA:80,15,0,0
BRDA:80,15,1,0
BRDA:81,16,0,0
BRDA:81,16,1,0
BRDA:88,17,0,0
BRDA:88,17,1,0
BRDA:110,18,0,0
BRDA:110,18,1,0
BRDA:110,19,0,0
BRDA:110,19,1,0
BRDA:144,20,0,0
BRDA:144,20,1,0
BRDA:144,21,0,0
BRDA:144,21,1,0
BRDA:167,22,0,0
BRDA:167,22,1,0
BRDA:189,23,0,0
BRDA:189,23,1,0
BRDA:191,24,0,0
BRDA:191,24,1,0
BRDA:206,25,0,0
BRDA:206,26,0,0
BRDA:213,27,0,0
BRDA:213,27,1,0
BRDA:213,28,0,0
BRDA:213,28,1,0
BRDA:217,29,0,0
BRDA:217,29,1,0
BRDA:217,30,0,0
BRDA:217,30,1,0
BRDA:221,31,0,0
BRDA:221,31,1,0
BRDA:228,32,0,0
BRDA:228,32,1,0
BRDA:231,33,0,0
BRDA:231,33,1,0
BRDA:232,34,0,0
BRDA:232,34,1,0
BRDA:233,35,0,0
BRDA:233,35,1,0
BRDA:247,36,0,0
BRDA:247,36,1,0
BRDA:247,37,0,0
BRDA:247,37,1,0
BRDA:259,38,0,0
BRDA:259,38,1,0
BRDA:260,39,0,0
BRDA:260,39,1,0
BRDA:268,40,0,0
BRDA:268,40,1,0
BRDA:286,41,0,0
BRDA:286,41,1,0
BRDA:301,42,0,0
BRDA:301,42,1,0
BRDA:301,43,0,0
BRDA:301,43,1,0
BRF:84
BRH:0
end_of_record
TN:
SF:server/services/billingService.ts
FN:69,createSubscriptionForAccount
FN:180,getAccountSubscription
FN:229,cancelAccountSubscription
FN:230,(anonymous_12)
FN:266,pauseAccountSubscription
FN:300,resumeAccountSubscription
FN:338,getAccountInvoices
FN:339,(anonymous_18)
FN:366,getAccountUpcomingInvoice
FN:387,(anonymous_21)
FN:406,getAccountUsage
FN:449,recordUsage
FN:492,getUsageLimits
FN:521,checkUsageLimits
FN:522,(anonymous_29)
FN:578,getAccountPaymentMethods
FN:592,(anonymous_32)
FN:609,addPaymentMethod
FN:643,setDefaultPaymentMethodForAccount
FN:683,getAccountBillingHistory
FN:684,(anonymous_38)
FNF:21
FNH:0
FNDA:0,createSubscriptionForAccount
FNDA:0,getAccountSubscription
FNDA:0,cancelAccountSubscription
FNDA:0,(anonymous_12)
FNDA:0,pauseAccountSubscription
FNDA:0,resumeAccountSubscription
FNDA:0,getAccountInvoices
FNDA:0,(anonymous_18)
FNDA:0,getAccountUpcomingInvoice
FNDA:0,(anonymous_21)
FNDA:0,getAccountUsage
FNDA:0,recordUsage
FNDA:0,getUsageLimits
FNDA:0,checkUsageLimits
FNDA:0,(anonymous_29)
FNDA:0,getAccountPaymentMethods
FNDA:0,(anonymous_32)
FNDA:0,addPaymentMethod
FNDA:0,setDefaultPaymentMethodForAccount
FNDA:0,getAccountBillingHistory
FNDA:0,(anonymous_38)
DA:1,0
DA:2,0
DA:69,0
DA:72,0
DA:74,0
DA:80,0
DA:81,0
DA:85,0
DA:93,0
DA:94,0
DA:97,0
DA:105,0
DA:107,0
DA:108,0
DA:112,0
DA:125,0
DA:126,0
DA:128,0
DA:130,0
DA:143,0
DA:156,0
DA:172,0
DA:173,0
DA:180,0
DA:183,0
DA:184,0
DA:191,0
DA:192,0
DA:194,0
DA:196,0
DA:199,0
DA:200,0
DA:203,0
DA:205,0
DA:221,0
DA:222,0
DA:229,0
DA:230,0
DA:234,0
DA:236,0
DA:243,0
DA:244,0
DA:248,0
DA:251,0
DA:258,0
DA:259,0
DA:266,0
DA:267,0
DA:268,0
DA:275,0
DA:276,0
DA:279,0
DA:281,0
DA:286,0
DA:292,0
DA:293,0
DA:300,0
DA:301,0
DA:302,0
DA:309,0
DA:310,0
DA:313,0
DA:315,0
DA:320,0
DA:326,0
DA:327,0
DA:338,0
DA:339,0
DA:343,0
DA:344,0
DA:351,0
DA:353,0
DA:358,0
DA:359,0
DA:366,0
DA:367,0
DA:368,0
DA:375,0
DA:376,0
DA:379,0
DA:381,0
DA:387,0
DA:394,0
DA:395,0
DA:406,0
DA:407,0
DA:408,0
DA:409,0
DA:411,0
DA:418,0
DA:419,0
DA:421,0
DA:423,0
DA:426,0
DA:441,0
DA:442,0
DA:449,0
DA:453,0
DA:454,0
DA:455,0
DA:457,0
DA:461,0
DA:462,0
DA:463,0
DA:464,0
DA:465,0
DA:466,0
DA:467,0
DA:468,0
DA:469,0
DA:471,0
DA:482,0
DA:484,0
DA:485,0
DA:492,0
DA:493,0
DA:494,0
DA:495,0
DA:497,0
DA:504,0
DA:505,0
DA:506,0
DA:508,0
DA:511,0
DA:513,0
DA:514,0
DA:521,0
DA:522,0
DA:526,0
DA:527,0
DA:528,0
DA:530,0
DA:531,0
DA:534,0
DA:535,0
DA:537,0
DA:539,0
DA:540,0
DA:541,0
DA:543,0
DA:544,0
DA:545,0
DA:547,0
DA:548,0
DA:549,0
DA:551,0
DA:552,0
DA:553,0
DA:555,0
DA:556,0
DA:557,0
DA:560,0
DA:561,0
DA:562,0
DA:564,0
DA:566,0
DA:567,0
DA:578,0
DA:579,0
DA:580,0
DA:586,0
DA:587,0
DA:590,0
DA:592,0
DA:601,0
DA:602,0
DA:609,0
DA:613,0
DA:614,0
DA:620,0
DA:621,0
DA:624,0
DA:627,0
DA:635,0
DA:636,0
DA:643,0
DA:647,0
DA:648,0
DA:654,0
DA:655,0
DA:658,0
DA:661,0
DA:666,0
DA:671,0
DA:672,0
DA:683,0
DA:684,0
DA:688,0
DA:689,0
DA:696,0
DA:698,0
DA:703,0
DA:704,0
LF:193
LH:0
BRDA:80,0,0,0
BRDA:80,0,1,0
BRDA:80,1,0,0
BRDA:80,1,1,0
BRDA:89,2,0,0
BRDA:89,2,1,0
BRDA:93,3,0,0
BRDA:93,3,1,0
BRDA:94,4,0,0
BRDA:94,4,1,0
BRDA:97,5,0,0
BRDA:97,5,1,0
BRDA:98,6,0,0
BRDA:98,6,1,0
BRDA:101,7,0,0
BRDA:101,7,1,0
BRDA:107,8,0,0
BRDA:107,8,1,0
BRDA:128,9,0,0
BRDA:128,9,1,0
BRDA:139,10,0,0
BRDA:139,10,1,0
BRDA:191,11,0,0
BRDA:191,11,1,0
BRDA:192,12,0,0
BRDA:192,12,1,0
BRDA:199,13,0,0
BRDA:199,13,1,0
BRDA:215,14,0,0
BRDA:215,14,1,0
BRDA:231,15,0,0
BRDA:243,16,0,0
BRDA:243,16,1,0
BRDA:243,17,0,0
BRDA:243,17,1,0
BRDA:275,18,0,0
BRDA:275,18,1,0
BRDA:275,19,0,0
BRDA:275,19,1,0
BRDA:309,20,0,0
BRDA:309,20,1,0
BRDA:309,21,0,0
BRDA:309,21,1,0
BRDA:340,22,0,0
BRDA:341,23,0,0
BRDA:351,24,0,0
BRDA:351,24,1,0
BRDA:354,25,0,0
BRDA:354,25,1,0
BRDA:355,26,0,0
BRDA:355,26,1,0
BRDA:375,27,0,0
BRDA:375,27,1,0
BRDA:375,28,0,0
BRDA:375,28,1,0
BRDA:375,29,0,0
BRDA:375,29,1,0
BRDA:382,30,0,0
BRDA:382,30,1,0
BRDA:383,31,0,0
BRDA:383,31,1,0
BRDA:383,32,0,0
BRDA:383,32,1,0
BRDA:386,33,0,0
BRDA:386,33,1,0
BRDA:389,34,0,0
BRDA:389,34,1,0
BRDA:418,35,0,0
BRDA:418,35,1,0
BRDA:419,36,0,0
BRDA:419,36,1,0
BRDA:428,37,0,0
BRDA:428,37,1,0
BRDA:429,38,0,0
BRDA:429,38,1,0
BRDA:430,39,0,0
BRDA:430,39,1,0
BRDA:431,40,0,0
BRDA:431,40,1,0
BRDA:432,41,0,0
BRDA:432,41,1,0
BRDA:433,42,0,0
BRDA:433,42,1,0
BRDA:434,43,0,0
BRDA:434,43,1,0
BRDA:435,44,0,0
BRDA:435,44,1,0
BRDA:436,45,0,0
BRDA:436,45,1,0
BRDA:437,46,0,0
BRDA:437,46,1,0
BRDA:438,47,0,0
BRDA:438,47,1,0
BRDA:461,48,0,0
BRDA:461,48,1,0
BRDA:462,49,0,0
BRDA:462,49,1,0
BRDA:463,50,0,0
BRDA:463,50,1,0
BRDA:464,51,0,0
BRDA:464,51,1,0
BRDA:465,52,0,0
BRDA:465,52,1,0
BRDA:466,53,0,0
BRDA:466,53,1,0
BRDA:467,54,0,0
BRDA:467,54,1,0
BRDA:468,55,0,0
BRDA:468,55,1,0
BRDA:469,56,0,0
BRDA:469,56,1,0
BRDA:482,57,0,0
BRDA:482,57,1,0
BRDA:504,58,0,0
BRDA:504,58,1,0
BRDA:505,59,0,0
BRDA:505,59,1,0
BRDA:524,60,0,0
BRDA:530,61,0,0
BRDA:530,61,1,0
BRDA:537,62,0,0
BRDA:537,62,1,0
BRDA:537,62,2,0
BRDA:537,62,3,0
BRDA:537,62,4,0
BRDA:540,63,0,0
BRDA:540,63,1,0
BRDA:544,64,0,0
BRDA:544,64,1,0
BRDA:548,65,0,0
BRDA:548,65,1,0
BRDA:552,66,0,0
BRDA:552,66,1,0
BRDA:556,67,0,0
BRDA:556,67,1,0
BRDA:562,68,0,0
BRDA:562,68,1,0
BRDA:586,69,0,0
BRDA:586,69,1,0
BRDA:586,70,0,0
BRDA:586,70,1,0
BRDA:586,71,0,0
BRDA:586,71,1,0
BRDA:595,72,0,0
BRDA:595,72,1,0
BRDA:595,73,0,0
BRDA:595,73,1,0
BRDA:596,74,0,0
BRDA:596,74,1,0
BRDA:596,75,0,0
BRDA:596,75,1,0
BRDA:597,76,0,0
BRDA:597,76,1,0
BRDA:597,77,0,0
BRDA:597,77,1,0
BRDA:598,78,0,0
BRDA:598,78,1,0
BRDA:598,79,0,0
BRDA:598,79,1,0
BRDA:620,80,0,0
BRDA:620,80,1,0
BRDA:620,81,0,0
BRDA:620,81,1,0
BRDA:620,82,0,0
BRDA:620,82,1,0
BRDA:654,83,0,0
BRDA:654,83,1,0
BRDA:654,84,0,0
BRDA:654,84,1,0
BRDA:654,85,0,0
BRDA:654,85,1,0
BRDA:685,86,0,0
BRDA:686,87,0,0
BRDA:696,88,0,0
BRDA:696,88,1,0
BRDA:699,89,0,0
BRDA:699,89,1,0
BRDA:700,90,0,0
BRDA:700,90,1,0
BRF:179
BRH:0
end_of_record
TN:
SF:server/services/emailQueueService.ts
FN:19,enqueueEmails
FN:28,(anonymous_8)
FN:53,processQueueItem
FN:64,(anonymous_11)
FN:108,getQueueItemsByCampaign
FN:109,(anonymous_13)
FN:115,getPendingQueueItems
FN:116,(anonymous_15)
FN:122,getQueueItem
FN:129,getQueueStats
FN:134,(anonymous_18)
FN:135,(anonymous_19)
FN:136,(anonymous_20)
FN:137,(anonymous_21)
FN:144,getCampaignQueueStats
FN:149,(anonymous_23)
FN:150,(anonymous_24)
FN:151,(anonymous_25)
FN:152,(anonymous_26)
FN:159,clearCampaignQueue
FN:160,(anonymous_28)
FN:170,getRetryableItems
FN:172,(anonymous_30)
FN:179,markAsSent
FN:191,markAsFailed
FN:205,getAllQueueItems
FN:212,getQueueItemCount
FNF:27
FNH:0
FNDA:0,enqueueEmails
FNDA:0,(anonymous_8)
FNDA:0,processQueueItem
FNDA:0,(anonymous_11)
FNDA:0,getQueueItemsByCampaign
FNDA:0,(anonymous_13)
FNDA:0,getPendingQueueItems
FNDA:0,(anonymous_15)
FNDA:0,getQueueItem
FNDA:0,getQueueStats
FNDA:0,(anonymous_18)
FNDA:0,(anonymous_19)
FNDA:0,(anonymous_20)
FNDA:0,(anonymous_21)
FNDA:0,getCampaignQueueStats
FNDA:0,(anonymous_23)
FNDA:0,(anonymous_24)
FNDA:0,(anonymous_25)
FNDA:0,(anonymous_26)
FNDA:0,clearCampaignQueue
FNDA:0,(anonymous_28)
FNDA:0,getRetryableItems
FNDA:0,(anonymous_30)
FNDA:0,markAsSent
FNDA:0,markAsFailed
FNDA:0,getAllQueueItems
FNDA:0,getQueueItemCount
DA:6,0
DA:8,0
DA:11,0
DA:13,0
DA:14,0
DA:19,0
DA:26,0
DA:28,0
DA:29,0
DA:30,0
DA:43,0
DA:44,0
DA:47,0
DA:53,0
DA:57,0
DA:59,0
DA:60,0
DA:61,0
DA:63,0
DA:64,0
DA:65,0
DA:66,0
DA:67,0
DA:68,0
DA:69,0
DA:74,0
DA:81,0
DA:82,0
DA:83,0
DA:85,0
DA:86,0
DA:89,0
DA:90,0
DA:91,0
DA:93,0
DA:95,0
DA:96,0
DA:97,0
DA:98,0
DA:99,0
DA:100,0
DA:101,0
DA:108,0
DA:109,0
DA:115,0
DA:116,0
DA:122,0
DA:123,0
DA:129,0
DA:130,0
DA:132,0
DA:134,0
DA:135,0
DA:136,0
DA:137,0
DA:144,0
DA:145,0
DA:147,0
DA:149,0
DA:150,0
DA:151,0
DA:152,0
DA:159,0
DA:160,0
DA:161,0
DA:162,0
DA:170,0
DA:171,0
DA:172,0
DA:179,0
DA:180,0
DA:181,0
DA:182,0
DA:183,0
DA:184,0
DA:191,0
DA:192,0
DA:193,0
DA:194,0
DA:195,0
DA:196,0
DA:197,0
DA:198,0
DA:205,0
DA:206,0
DA:212,0
DA:213,0
LF:87
LH:0
BRDA:63,0,0,0
BRDA:63,0,1,0
BRDA:68,1,0,0
BRDA:68,1,1,0
BRDA:81,2,0,0
BRDA:81,2,1,0
BRDA:95,3,0,0
BRDA:95,3,1,0
BRDA:116,4,0,0
BRDA:116,4,1,0
BRDA:137,5,0,0
BRDA:137,5,1,0
BRDA:152,6,0,0
BRDA:152,6,1,0
BRDA:161,7,0,0
BRDA:161,7,1,0
BRDA:172,8,0,0
BRDA:172,8,1,0
BRDA:181,9,0,0
BRDA:181,9,1,0
BRDA:193,10,0,0
BRDA:193,10,1,0
BRF:22
BRH:0
end_of_record
TN:
SF:src/entry-server.tsx
FN:67,(anonymous_1)
FN:68,(anonymous_2)
FN:69,(anonymous_3)
FN:70,(anonymous_4)
FN:71,(anonymous_5)
FN:72,(anonymous_6)
FN:73,(anonymous_7)
FN:75,(anonymous_8)
FN:76,(anonymous_9)
FN:77,(anonymous_10)
FN:83,ServerRoutes
FN:114,render
FNF:12
FNH:0
FNDA:0,(anonymous_1)
FNDA:0,(anonymous_2)
FNDA:0,(anonymous_3)
FNDA:0,(anonymous_4)
FNDA:0,(anonymous_5)
FNDA:0,(anonymous_6)
FNDA:0,(anonymous_7)
FNDA:0,(anonymous_8)
FNDA:0,(anonymous_9)
FNDA:0,(anonymous_10)
FNDA:0,ServerRoutes
FNDA:0,render
DA:2,0
DA:3,0
DA:4,0
DA:5,0
DA:6,0
DA:7,0
DA:8,0
DA:12,0
DA:13,0
DA:14,0
DA:15,0
DA:16,0
DA:17,0
DA:18,0
DA:19,0
DA:20,0
DA:21,0
DA:22,0
DA:23,0
DA:24,0
DA:25,0
DA:26,0
DA:27,0
DA:28,0
DA:29,0
DA:30,0
DA:31,0
DA:32,0
DA:33,0
DA:34,0
DA:35,0
DA:37,0
DA:38,0
DA:39,0
DA:40,0
DA:43,0
DA:52,0
DA:67,0
DA:68,0
DA:69,0
DA:70,0
DA:71,0
DA:72,0
DA:73,0
DA:75,0
DA:77,0
DA:81,0
DA:84,0
DA:114,0
DA:115,0
DA:116,0
DA:129,0
LF:52
LH:0
BRF:0
BRH:0
end_of_record
TN:
SF:src/components/AnimatedCounter.tsx
FN:5,(anonymous_0)
FN:8,(anonymous_1)
FN:9,(anonymous_2)
FN:10,(anonymous_3)
FN:12,(anonymous_4)
FNF:5
FNH:0
FNDA:0,(anonymous_0)
FNDA:0,(anonymous_1)
FNDA:0,(anonymous_2)
FNDA:0,(anonymous_3)
FNDA:0,(anonymous_4)
DA:1,0
DA:2,0
DA:3,0
DA:5,0
DA:6,0
DA:8,0
DA:9,0
DA:10,0
DA:12,0
DA:15,0
DA:36,0
LF:11
LH:0
BRF:0
BRH:0
end_of_record
TN:
SF:src/components/BenefitsSection.tsx
FN:39,(anonymous_1)
FN:44,(anonymous_2)
FN:69,(anonymous_3)
FNF:3
FNH:0
FNDA:0,(anonymous_1)
FNDA:0,(anonymous_2)
FNDA:0,(anonymous_3)
DA:1,0
DA:2,0
DA:3,0
DA:5,0
DA:39,0
DA:44,0
DA:45,0
DA:70,0
DA:116,0
LF:9
LH:0
BRF:0
BRH:0
end_of_record
TN:
SF:src/components/BrandingExample.tsx
FN:13,(anonymous_0)
FN:41,(anonymous_1)
FN:69,(anonymous_2)
FN:108,(anonymous_3)
FN:194,(anonymous_4)
FN:212,(anonymous_5)
FNF:6
FNH:0
FNDA:0,(anonymous_0)
FNDA:0,(anonymous_1)
FNDA:0,(anonymous_2)
FNDA:0,(anonymous_3)
FNDA:0,(anonymous_4)
FNDA:0,(anonymous_5)
DA:8,0
DA:13,0
DA:14,0
DA:16,0
DA:17,0
DA:20,0
DA:41,0
DA:48,0
DA:50,0
DA:52,0
DA:69,0
DA:70,0
DA:72,0
DA:73,0
DA:76,0
DA:108,0
DA:109,0
DA:111,0
DA:112,0
DA:115,0
DA:194,0
DA:195,0
DA:197,0
DA:198,0
DA:201,0
DA:212,0
DA:213,0
DA:215,0
DA:216,0
DA:219,0
LF:30
LH:0
BRDA:16,0,0,0
BRDA:16,0,1,0
BRDA:16,1,0,0
BRDA:16,1,1,0
BRDA:16,2,0,0
BRDA:16,2,1,0
BRDA:22,3,0,0
BRDA:22,3,1,0
BRDA:25,4,0,0
BRDA:25,4,1,0
BRDA:29,5,0,0
BRDA:29,5,1,0
BRDA:72,6,0,0
BRDA:72,6,1,0
BRDA:72,7,0,0
BRDA:72,7,1,0
BRDA:72,8,0,0
BRDA:72,8,1,0
BRDA:78,9,0,0
BRDA:78,9,1,0
BRDA:86,10,0,0
BRDA:86,10,1,0
BRDA:94,11,0,0
BRDA:94,11,1,0
BRDA:111,12,0,0
BRDA:111,12,1,0
BRDA:111,13,0,0
BRDA:111,13,1,0
BRDA:111,14,0,0
BRDA:111,14,1,0
BRDA:111,15,0,0
BRDA:111,15,1,0
BRDA:120,16,0,0
BRDA:120,16,1,0
BRDA:123,17,0,0
BRDA:123,17,1,0
BRDA:127,18,0,0
BRDA:127,18,1,0
BRDA:157,19,0,0
BRDA:157,19,1,0
BRDA:167,20,0,0
BRDA:167,20,1,0
BRDA:197,21,0,0
BRDA:197,21,1,0
BRDA:215,22,0,0
BRDA:215,22,1,0
BRF:46
BRH:0
end_of_record
TN:
SF:src/components/ComparisonSection.tsx
FN:17,(anonymous_1)
FN:31,(anonymous_2)
FN:65,(anonymous_3)
FNF:3
FNH:0
FNDA:0,(anonymous_1)
FNDA:0,(anonymous_2)
FNDA:0,(anonymous_3)
DA:1,0
DA:2,0
DA:4,0
DA:17,0
DA:18,0
DA:31,0
DA:32,0
DA:66,0
DA:85,0
LF:9
LH:0
BRDA:19,0,0,0
BRDA:19,0,1,0
BRDA:69,1,0,0
BRDA:69,1,1,0
BRF:4
BRH:0
end_of_record
TN:
SF:src/components/FAQSection.tsx
FN:39,(anonymous_1)
FN:66,(anonymous_2)
FNF:2
FNH:0
FNDA:0,(anonymous_1)
FNDA:0,(anonymous_2)
DA:1,0
DA:2,0
DA:4,0
DA:39,0
DA:40,0
DA:67,0
DA:88,0
LF:7
LH:0
BRF:0
BRH:0
end_of_record
TN:
SF:src/components/FAQWithSchema.tsx
FN:17,(anonymous_1)
FN:27,(anonymous_2)
FN:64,(anonymous_3)
FNF:3
FNH:0
FNDA:0,(anonymous_1)
FNDA:0,(anonymous_2)
FNDA:0,(anonymous_3)
DA:1,0
DA:2,0
DA:3,0
DA:17,0
DA:24,0
DA:27,0
DA:37,0
DA:65,0
DA:97,0
LF:9
LH:0
BRDA:19,0,0,0
BRDA:20,1,0,0
BRDA:21,2,0,0
BRDA:43,3,0,0
BRDA:43,3,1,0
BRF:5
BRH:0
end_of_record
TN:
SF:src/components/FloatingCTA.tsx
FN:7,(anonymous_1)
FN:11,(anonymous_2)
FN:12,(anonymous_3)
FN:14,(anonymous_4)
FN:31,(anonymous_5)
FNF:5
FNH:0
FNDA:0,(anonymous_1)
FNDA:0,(anonymous_2)
FNDA:0,(anonymous_3)
FNDA:0,(anonymous_4)
FNDA:0,(anonymous_5)
DA:1,0
DA:2,0
DA:3,0
DA:4,0
DA:5,0
DA:7,0
DA:8,0
DA:9,0
DA:11,0
DA:12,0
DA:13,0
DA:14,0
DA:17,0
DA:31,0
DA:45,0
LF:15
LH:0
BRDA:20,0,0,0
BRDA:20,0,1,0
BRF:2
BRH:0
end_of_record
TN:
SF:src/components/FooterSection.tsx
FN:7,(anonymous_1)
FN:72,(anonymous_2)
FN:89,(anonymous_3)
FNF:3
FNH:0
FNDA:0,(anonymous_1)
FNDA:0,(anonymous_2)
FNDA:0,(anonymous_3)
DA:1,0
DA:2,0
DA:3,0
DA:4,0
DA:5,0
DA:7,0
DA:8,0
DA:73,0
DA:90,0
DA:104,0
LF:10
LH:0
BRDA:73,0,0,0
BRDA:73,0,1,0
BRF:2
BRH:0
end_of_record
TN:
SF:src/components/HeroSection.tsx
FN:8,(anonymous_1)
FN:30,(anonymous_2)
FN:80,(anonymous_3)
FN:143,(anonymous_4)
FNF:4
FNH:0
FNDA:0,(anonymous_1)
FNDA:0,(anonymous_2)
FNDA:0,(anonymous_3)
FNDA:0,(anonymous_4)
DA:1,0
DA:2,0
DA:3,0
DA:4,0
DA:6,0
DA:8,0
DA:15,0
DA:21,0
DA:30,0
DA:31,0
DA:33,0
DA:80,0
DA:144,0
DA:171,0
LF:14
LH:0
BRF:0
BRH:0
end_of_record
TN:
SF:src/components/HomePricingSection.tsx
FN:54,(anonymous_1)
FN:78,(anonymous_2)
FN:93,(anonymous_3)
FNF:3
FNH:0
FNDA:0,(anonymous_1)
FNDA:0,(anonymous_2)
FNDA:0,(anonymous_3)
DA:1,0
DA:2,0
DA:3,0
DA:4,0
DA:6,0
DA:54,0
DA:55,0
DA:79,0
DA:94,0
DA:130,0
LF:10
LH:0
BRDA:80,0,0,0
BRDA:80,0,1,0
BRDA:81,1,0,0
BRDA:81,1,1,0
BRDA:90,2,0,0
BRDA:90,2,1,0
BRDA:95,3,0,0
BRDA:95,3,1,0
BRDA:100,4,0,0
BRDA:100,4,1,0
BRDA:106,5,0,0
BRDA:106,5,1,0
BRF:12
BRH:0
end_of_record
TN:
SF:src/components/HowItWorksReusable.tsx
FN:18,(anonymous_1)
FN:45,(anonymous_2)
FNF:2
FNH:0
FNDA:0,(anonymous_1)
FNDA:0,(anonymous_2)
DA:1,0
DA:2,0
DA:18,0
DA:23,0
DA:46,0
DA:102,0
LF:6
LH:0
BRDA:19,0,0,0
BRDA:20,1,0,0
BRDA:85,2,0,0
BRDA:85,2,1,0
BRF:4
BRH:0
end_of_record
TN:
SF:src/components/HowItWorksSection.tsx
FN:28,(anonymous_1)
FN:53,(anonymous_2)
FNF:2
FNH:0
FNDA:0,(anonymous_1)
FNDA:0,(anonymous_2)
DA:1,0
DA:2,0
DA:3,0
DA:5,0
DA:28,0
DA:29,0
DA:54,0
DA:110,0
LF:8
LH:0
BRDA:93,0,0,0
BRDA:93,0,1,0
BRF:2
BRH:0
end_of_record
TN:
SF:src/components/IndustrySection.tsx
FN:77,(anonymous_1)
FN:106,(anonymous_2)
FN:109,(anonymous_3)
FNF:3
FNH:0
FNDA:0,(anonymous_1)
FNDA:0,(anonymous_2)
FNDA:0,(anonymous_3)
DA:1,0
DA:2,0
DA:3,0
DA:4,0
DA:5,0
DA:6,0
DA:8,0
DA:77,0
DA:78,0
DA:79,0
DA:81,0
DA:107,0
DA:109,0
DA:192,0
LF:14
LH:0
BRDA:111,0,0,0
BRDA:111,0,1,0
BRDA:114,1,0,0
BRDA:114,1,1,0
BRDA:174,2,0,0
BRDA:174,2,1,0
BRF:6
BRH:0
end_of_record
TN:
SF:src/components/IntegrationLogos.tsx
FN:8,(anonymous_1)
FN:20,(anonymous_2)
FN:21,(anonymous_3)
FNF:3
FNH:0
FNDA:0,(anonymous_1)
FNDA:0,(anonymous_2)
FNDA:0,(anonymous_3)
DA:1,0
DA:3,0
DA:8,0
DA:9,0
DA:21,0
DA:22,0
DA:35,0
LF:7
LH:0
BRF:0
BRH:0
end_of_record
TN:
SF:src/components/LeadCaptureDialog.tsx
FN:32,(anonymous_7)
FN:44,(anonymous_8)
FN:45,(anonymous_9)
FN:46,(anonymous_10)
FN:49,(anonymous_11)
FN:49,(anonymous_12)
FN:56,(anonymous_13)
FN:109,(anonymous_14)
FN:114,(anonymous_15)
FN:121,(anonymous_16)
FN:127,(anonymous_17)
FN:134,(anonymous_18)
FN:139,(anonymous_19)
FN:145,(anonymous_20)
FN:150,(anonymous_21)
FNF:15
FNH:0
FNDA:0,(anonymous_7)
FNDA:0,(anonymous_8)
FNDA:0,(anonymous_9)
FNDA:0,(anonymous_10)
FNDA:0,(anonymous_11)
FNDA:0,(anonymous_12)
FNDA:0,(anonymous_13)
FNDA:0,(anonymous_14)
FNDA:0,(anonymous_15)
FNDA:0,(anonymous_16)
FNDA:0,(anonymous_17)
FNDA:0,(anonymous_18)
FNDA:0,(anonymous_19)
FNDA:0,(anonymous_20)
FNDA:0,(anonymous_21)
DA:1,0
DA:2,0
DA:3,0
DA:4,0
DA:5,0
DA:6,0
DA:7,0
DA:8,0
DA:9,0
DA:10,0
DA:12,0
DA:29,0
DA:30,0
DA:32,0
DA:33,0
DA:34,0
DA:42,0
DA:44,0
DA:45,0
DA:46,0
DA:49,0
DA:50,0
DA:51,0
DA:53,0
DA:54,0
DA:55,0
DA:56,0
DA:57,0
DA:58,0
DA:60,0
DA:61,0
DA:64,0
DA:65,0
DA:66,0
DA:74,0
DA:78,0
DA:79,0
DA:82,0
DA:84,0
DA:85,0
DA:91,0
DA:95,0
DA:109,0
DA:114,0
DA:121,0
DA:127,0
DA:134,0
DA:139,0
DA:145,0
DA:150,0
DA:173,0
LF:51
LH:0
BRDA:32,0,0,0
BRDA:46,1,0,0
BRDA:46,1,1,0
BRDA:54,2,0,0
BRDA:54,2,1,0
BRDA:110,3,0,0
BRDA:110,3,1,0
BRDA:115,4,0,0
BRDA:115,4,1,0
BRDA:122,5,0,0
BRDA:122,5,1,0
BRDA:128,6,0,0
BRDA:128,6,1,0
BRDA:161,7,0,0
BRDA:161,7,1,0
BRF:15
BRH:0
end_of_record
TN:
SF:src/components/MascotConciergeSection.tsx
FN:23,(anonymous_1)
FN:47,(anonymous_2)
FN:60,(anonymous_3)
FN:87,(anonymous_4)
FNF:4
FNH:0
FNDA:0,(anonymous_1)
FNDA:0,(anonymous_2)
FNDA:0,(anonymous_3)
FNDA:0,(anonymous_4)
DA:1,0
DA:2,0
DA:3,0
DA:4,0
DA:6,0
DA:23,0
DA:24,0
DA:48,0
DA:61,0
DA:88,0
DA:104,0
LF:11
LH:0
BRF:0
BRH:0
end_of_record
TN:
SF:src/components/NavLink.tsx
FN:12,(anonymous_1)
FN:17,(anonymous_2)
FNF:2
FNH:0
FNDA:0,(anonymous_1)
FNDA:0,(anonymous_2)
DA:1,0
DA:2,0
DA:3,0
DA:11,0
DA:12,0
DA:13,0
DA:18,0
DA:26,0
DA:28,0
LF:9
LH:0
BRDA:18,0,0,0
BRDA:18,0,1,0
BRDA:18,1,0,0
BRDA:18,1,1,0
BRF:4
BRH:0
end_of_record
TN:
SF:src/components/Navbar.tsx
FN:24,(anonymous_0)
FN:34,(anonymous_1)
FN:43,(anonymous_2)
FN:50,(anonymous_3)
FN:73,(anonymous_4)
FN:82,(anonymous_5)
FN:87,(anonymous_6)
FN:107,(anonymous_7)
FN:116,(anonymous_8)
FN:143,(anonymous_9)
FN:149,(anonymous_10)
FN:155,(anonymous_11)
FNF:12
FNH:0
FNDA:0,(anonymous_0)
FNDA:0,(anonymous_1)
FNDA:0,(anonymous_2)
FNDA:0,(anonymous_3)
FNDA:0,(anonymous_4)
FNDA:0,(anonymous_5)
FNDA:0,(anonymous_6)
FNDA:0,(anonymous_7)
FNDA:0,(anonymous_8)
FNDA:0,(anonymous_9)
FNDA:0,(anonymous_10)
FNDA:0,(anonymous_11)
DA:1,0
DA:2,0
DA:3,0
DA:4,0
DA:5,0
DA:13,0
DA:24,0
DA:25,0
DA:26,0
DA:27,0
DA:28,0
DA:29,0
DA:30,0
DA:31,0
DA:32,0
DA:34,0
DA:35,0
DA:36,0
DA:37,0
DA:38,0
DA:39,0
DA:40,0
DA:43,0
DA:44,0
DA:45,0
DA:46,0
DA:47,0
DA:48,0
DA:49,0
DA:50,0
DA:52,0
DA:57,0
DA:73,0
DA:83,0
DA:84,0
DA:87,0
DA:107,0
DA:116,0
DA:144,0
DA:149,0
DA:155,0
DA:171,0
LF:42
LH:0
BRDA:37,0,0,0
BRDA:37,0,1,0
BRDA:39,1,0,0
BRDA:39,1,1,0
BRDA:40,2,0,0
BRDA:40,2,1,0
BRDA:45,3,0,0
BRDA:45,3,1,0
BRDA:47,4,0,0
BRDA:47,4,1,0
BRDA:48,5,0,0
BRDA:48,5,1,0
BRDA:50,6,0,0
BRDA:50,6,1,0
BRDA:50,7,0,0
BRDA:50,7,1,0
BRDA:52,8,0,0
BRDA:52,8,1,0
BRDA:52,9,0,0
BRDA:52,9,1,0
BRDA:60,10,0,0
BRDA:60,10,1,0
BRDA:60,11,0,0
BRDA:60,11,1,0
BRDA:64,12,0,0
BRDA:64,12,1,0
BRDA:66,13,0,0
BRDA:66,13,1,0
BRDA:89,14,0,0
BRDA:89,14,1,0
BRDA:92,15,0,0
BRDA:92,15,1,0
BRDA:118,16,0,0
BRDA:118,16,1,0
BRDA:134,17,0,0
BRDA:134,17,1,0
BRF:36
BRH:0
end_of_record
TN:
SF:src/components/ProblemSection.tsx
FN:6,(anonymous_1)
FN:11,(anonymous_2)
FN:15,(anonymous_3)
FN:55,(anonymous_4)
FN:82,(anonymous_5)
FNF:5
FNH:0
FNDA:0,(anonymous_1)
FNDA:0,(anonymous_2)
FNDA:0,(anonymous_3)
FNDA:0,(anonymous_4)
FNDA:0,(anonymous_5)
DA:1,0
DA:2,0
DA:3,0
DA:4,0
DA:6,0
DA:7,0
DA:8,0
DA:9,0
DA:11,0
DA:12,0
DA:13,0
DA:14,0
DA:15,0
DA:16,0
DA:17,0
DA:18,0
DA:19,0
DA:20,0
DA:22,0
DA:25,0
DA:28,0
DA:55,0
DA:56,0
DA:83,0
DA:134,0
LF:25
LH:0
BRDA:6,0,0,0
BRDA:12,1,0,0
BRDA:12,1,1,0
BRDA:16,2,0,0
BRDA:16,2,1,0
BRDA:20,3,0,0
BRDA:20,3,1,0
BRF:7
BRH:0
end_of_record
TN:
SF:src/components/ProtectedRoute.tsx
FN:23,(anonymous_0)
FNF:1
FNH:0
FNDA:0,(anonymous_0)
DA:2,0
DA:3,0
DA:4,0
DA:23,0
DA:27,0
DA:30,0
DA:31,0
DA:39,0
DA:40,0
DA:44,0
DA:45,0
DA:48,0
LF:12
LH:0
BRDA:30,0,0,0
BRDA:30,0,1,0
BRDA:39,1,0,0
BRDA:39,1,1,0
BRDA:44,2,0,0
BRDA:44,2,1,0
BRDA:44,3,0,0
BRDA:44,3,1,0
BRF:8
BRH:0
end_of_record
TN:
SF:src/components/Reveal.tsx
FN:20,(anonymous_0)
FNF:1
FNH:0
FNDA:0,(anonymous_0)
DA:1,0
DA:12,0
DA:20,0
DA:21,0
DA:23,0
DA:51,0
LF:6
LH:0
BRDA:20,0,0,0
BRDA:20,1,0,0
BRDA:20,2,0,0
BRDA:29,3,0,0
BRDA:29,3,1,0
BRF:5
BRH:0
end_of_record
TN:
SF:src/components/RevenueLeakCalculator.tsx
FN:13,(anonymous_1)
FNF:1
FNH:0
FNDA:0,(anonymous_1)
DA:1,0
DA:2,0
DA:3,0
DA:4,0
DA:5,0
DA:13,0
DA:14,0
DA:15,0
DA:16,0
DA:18,0
DA:19,0
DA:20,0
DA:22,0
DA:169,0
LF:14
LH:0
BRDA:13,0,0,0
BRDA:13,1,0,0
BRDA:13,2,0,0
BRDA:20,3,0,0
BRDA:20,3,1,0
BRDA:25,4,0,0
BRDA:25,4,1,0
BRF:7
BRH:0
end_of_record
TN:
SF:src/components/SEOBreadcrumbs.tsx
FN:14,(anonymous_0)
FN:27,(anonymous_1)
FN:40,(anonymous_2)
FNF:3
FNH:0
FNDA:0,(anonymous_0)
FNDA:0,(anonymous_1)
FNDA:0,(anonymous_2)
DA:1,0
DA:2,0
DA:14,0
DA:15,0
DA:16,0
DA:19,0
DA:24,0
DA:27,0
DA:35,0
DA:41,0
DA:65,0
LF:11
LH:0
BRDA:14,0,0,0
BRDA:20,1,0,0
BRDA:20,1,1,0
BRDA:42,2,0,0
BRDA:42,2,1,0
BRDA:43,3,0,0
BRDA:43,3,1,0
BRF:7
BRH:0
end_of_record
TN:
SF:src/components/SEOHead.tsx
FN:24,(anonymous_0)
FN:140,(anonymous_1)
FN:174,(anonymous_2)
FNF:3
FNH:0
FNDA:0,(anonymous_0)
FNDA:0,(anonymous_1)
FNDA:0,(anonymous_2)
DA:1,0
DA:19,0
DA:20,0
DA:21,0
DA:22,0
DA:24,0
DA:39,0
DA:40,0
DA:43,0
DA:48,0
DA:91,0
DA:110,0
DA:141,0
DA:175,0
DA:183,0
LF:15
LH:0
BRDA:28,0,0,0
BRDA:29,1,0,0
BRDA:30,2,0,0
BRDA:31,3,0,0
BRDA:32,4,0,0
BRDA:36,5,0,0
BRDA:37,6,0,0
BRDA:40,7,0,0
BRDA:40,7,1,0
BRDA:43,8,0,0
BRDA:43,8,1,0
BRDA:101,9,0,0
BRDA:101,9,1,0
BRDA:116,10,0,0
BRDA:116,10,1,0
BRDA:122,11,0,0
BRDA:122,11,1,0
BRDA:127,12,0,0
BRDA:127,12,1,0
BRDA:154,13,0,0
BRDA:154,13,1,0
BRDA:154,13,2,0
BRDA:157,14,0,0
BRDA:157,14,1,0
BRF:24
BRH:0
end_of_record
TN:
SF:src/components/ServicesSection.tsx
FN:39,(anonymous_1)
FN:45,(anonymous_2)
FN:50,(anonymous_3)
FN:79,(anonymous_4)
FNF:4
FNH:0
FNDA:0,(anonymous_1)
FNDA:0,(anonymous_2)
FNDA:0,(anonymous_3)
FNDA:0,(anonymous_4)
DA:1,0
DA:2,0
DA:3,0
DA:5,0
DA:39,0
DA:45,0
DA:50,0
DA:51,0
DA:80,0
DA:131,0
LF:10
LH:0
BRF:0
BRH:0
end_of_record
TN:
SF:src/components/SocialProofSection.tsx
FN:49,(anonymous_1)
FN:57,(anonymous_2)
FN:88,(anonymous_3)
FN:117,(anonymous_4)
FN:118,(anonymous_5)
FNF:5
FNH:0
FNDA:0,(anonymous_1)
FNDA:0,(anonymous_2)
FNDA:0,(anonymous_3)
FNDA:0,(anonymous_4)
FNDA:0,(anonymous_5)
DA:1,0
DA:2,0
DA:3,0
DA:7,0
DA:14,0
DA:47,0
DA:49,0
DA:50,0
DA:58,0
DA:89,0
DA:118,0
DA:119,0
DA:133,0
LF:13
LH:0
BRF:0
BRH:0
end_of_record
TN:
SF:src/components/TrustBar.tsx
FN:11,(anonymous_0)
FN:18,(anonymous_1)
FNF:2
FNH:0
FNDA:0,(anonymous_0)
FNDA:0,(anonymous_1)
DA:1,0
DA:2,0
DA:4,0
DA:11,0
DA:12,0
DA:19,0
DA:27,0
LF:7
LH:0
BRF:0
BRH:0
end_of_record
TN:
SF:src/components/VoiceDemonstration.tsx
FN:52,(anonymous_1)
FN:61,(anonymous_2)
FN:82,(anonymous_3)
FN:85,(anonymous_4)
FNF:4
FNH:0
FNDA:0,(anonymous_1)
FNDA:0,(anonymous_2)
FNDA:0,(anonymous_3)
FNDA:0,(anonymous_4)
DA:1,0
DA:2,0
DA:3,0
DA:21,0
DA:52,0
DA:59,0
DA:61,0
DA:63,0
DA:83,0
DA:85,0
DA:154,0
LF:11
LH:0
BRDA:53,0,0,0
BRDA:54,1,0,0
BRDA:55,2,0,0
BRDA:56,3,0,0
BRDA:57,4,0,0
BRDA:59,5,0,0
BRDA:59,5,1,0
BRDA:59,6,0,0
BRDA:59,6,1,0
BRDA:59,7,0,0
BRDA:59,7,1,0
BRDA:92,8,0,0
BRDA:92,8,1,0
BRDA:98,9,0,0
BRDA:98,9,1,0
BRDA:111,10,0,0
BRDA:111,10,1,0
BRDA:122,11,0,0
BRDA:122,11,1,0
BRF:19
BRH:0
end_of_record
TN:
SF:src/components/VoiceWidget.tsx
FN:22,(anonymous_8)
FN:35,(anonymous_9)
FN:35,(anonymous_10)
FNF:3
FNH:0
FNDA:0,(anonymous_8)
FNDA:0,(anonymous_9)
FNDA:0,(anonymous_10)
DA:1,0
DA:2,0
DA:3,0
DA:15,0
DA:22,0
DA:31,0
DA:32,0
DA:35,0
DA:36,0
DA:37,0
DA:38,0
DA:41,0
DA:42,0
DA:44,0
DA:46,0
DA:48,0
DA:52,0
DA:53,0
DA:86,0
DA:87,0
DA:99,0
DA:100,0
DA:114,0
DA:117,0
LF:24
LH:0
BRDA:24,0,0,0
BRDA:25,1,0,0
BRDA:26,2,0,0
BRDA:27,3,0,0
BRDA:38,4,0,0
BRDA:38,4,1,0
BRDA:52,5,0,0
BRDA:52,5,1,0
BRDA:59,6,0,0
BRDA:59,6,1,0
BRDA:64,7,0,0
BRDA:64,7,1,0
BRDA:67,8,0,0
BRDA:67,8,1,0
BRDA:79,9,0,0
BRDA:79,9,1,0
BRDA:79,10,0,0
BRDA:79,10,1,0
BRDA:86,11,0,0
BRDA:86,11,1,0
BRDA:86,12,0,0
BRDA:86,12,1,0
BRDA:94,13,0,0
BRDA:94,13,1,0
BRDA:99,14,0,0
BRDA:99,14,1,0
BRDA:104,15,0,0
BRDA:104,15,1,0
BRF:28
BRH:0
end_of_record
TN:
SF:src/components/WhyVoxmation.tsx
FN:42,(anonymous_1)
FN:71,(anonymous_2)
FN:98,(anonymous_3)
FNF:3
FNH:0
FNDA:0,(anonymous_1)
FNDA:0,(anonymous_2)
FNDA:0,(anonymous_3)
DA:1,0
DA:2,0
DA:3,0
DA:15,0
DA:42,0
DA:48,0
DA:72,0
DA:99,0
DA:123,0
LF:9
LH:0
BRDA:43,0,0,0
BRDA:44,1,0,0
BRDA:45,2,0,0
BRDA:46,3,0,0
BRDA:69,4,0,0
BRDA:69,4,1,0
BRF:6
BRH:0
end_of_record
TN:
SF:src/components/admin/ApplicationExporter.ts
FN:3,(anonymous_0)
FN:18,(anonymous_1)
FN:32,(anonymous_2)
FN:33,(anonymous_3)
FN:33,(anonymous_4)
FN:50,(anonymous_5)
FNF:6
FNH:0
FNDA:0,(anonymous_0)
FNDA:0,(anonymous_1)
FNDA:0,(anonymous_2)
FNDA:0,(anonymous_3)
FNDA:0,(anonymous_4)
FNDA:0,(anonymous_5)
DA:3,0
DA:5,0
DA:18,0
DA:31,0
DA:32,0
DA:33,0
DA:37,0
DA:38,0
DA:39,0
DA:41,0
DA:42,0
DA:43,0
DA:45,0
DA:46,0
DA:47,0
DA:50,0
DA:51,0
DA:52,0
DA:53,0
DA:54,0
DA:56,0
DA:57,0
DA:58,0
DA:60,0
DA:61,0
DA:62,0
LF:26
LH:0
BRDA:3,0,0,0
BRDA:27,1,0,0
BRDA:27,1,1,0
BRDA:33,2,0,0
BRDA:33,2,1,0
BRDA:50,3,0,0
BRF:6
BRH:0
end_of_record
TN:
SF:src/components/admin/PaginationControls.tsx
FN:13,PaginationControls
FN:31,(anonymous_1)
FN:51,(anonymous_2)
FN:59,(anonymous_3)
FN:77,(anonymous_4)
FN:90,(anonymous_5)
FNF:6
FNH:0
FNDA:0,PaginationControls
FNDA:0,(anonymous_1)
FNDA:0,(anonymous_2)
FNDA:0,(anonymous_3)
FNDA:0,(anonymous_4)
FNDA:0,(anonymous_5)
DA:1,0
DA:2,0
DA:13,0
DA:21,0
DA:22,0
DA:24,0
DA:31,0
DA:51,0
DA:61,0
DA:62,0
DA:63,0
DA:64,0
DA:65,0
DA:66,0
DA:68,0
DA:71,0
DA:72,0
DA:77,0
DA:83,0
DA:90,0
LF:20
LH:0
BRDA:61,0,0,0
BRDA:61,0,1,0
BRDA:63,1,0,0
BRDA:63,1,1,0
BRDA:65,2,0,0
BRDA:65,2,1,0
BRDA:71,3,0,0
BRDA:71,3,1,0
BRDA:71,4,0,0
BRDA:71,4,1,0
BRDA:75,5,0,0
BRDA:75,5,1,0
BRF:12
BRH:0
end_of_record
TN:
SF:src/components/admin/ProtectedAdminRoute.tsx
FN:8,ProtectedAdminRoute
FNF:1
FNH:0
FNDA:0,ProtectedAdminRoute
DA:1,0
DA:2,0
DA:8,0
DA:11,0
DA:13,0
DA:14,0
DA:24,0
DA:25,0
DA:28,0
LF:9
LH:0
BRDA:13,0,0,0
BRDA:13,0,1,0
BRDA:24,1,0,0
BRDA:24,1,1,0
BRF:4
BRH:0
end_of_record
TN:
SF:src/components/audio/AudioControls.tsx
FN:15,(anonymous_0)
FN:25,(anonymous_1)
FN:65,(anonymous_2)
FN:74,(anonymous_3)
FN:79,(anonymous_4)
FNF:5
FNH:0
FNDA:0,(anonymous_0)
FNDA:0,(anonymous_1)
FNDA:0,(anonymous_2)
FNDA:0,(anonymous_3)
FNDA:0,(anonymous_4)
DA:1,0
DA:2,0
DA:15,0
DA:25,0
DA:26,0
DA:27,0
DA:28,0
DA:31,0
DA:65,0
DA:75,0
DA:79,0
DA:96,0
LF:12
LH:0
BRDA:22,0,0,0
BRDA:23,1,0,0
BRDA:26,2,0,0
BRDA:26,2,1,0
BRDA:27,3,0,0
BRDA:27,3,1,0
BRDA:38,4,0,0
BRDA:38,4,1,0
BRDA:40,5,0,0
BRDA:40,5,1,0
BRDA:42,6,0,0
BRDA:42,6,1,0
BRDA:49,7,0,0
BRDA:49,7,1,0
BRDA:82,8,0,0
BRDA:82,8,1,0
BRF:16
BRH:0
end_of_record
TN:
SF:src/components/audio/AudioPlayer.tsx
FN:19,(anonymous_1)
FN:41,(anonymous_2)
FN:47,(anonymous_3)
FN:53,(anonymous_4)
FN:62,(anonymous_5)
FN:63,(anonymous_6)
FN:64,(anonymous_7)
FN:65,(anonymous_8)
FN:101,(anonymous_9)
FNF:9
FNH:0
FNDA:0,(anonymous_1)
FNDA:0,(anonymous_2)
FNDA:0,(anonymous_3)
FNDA:0,(anonymous_4)
FNDA:0,(anonymous_5)
FNDA:0,(anonymous_6)
FNDA:0,(anonymous_7)
FNDA:0,(anonymous_8)
FNDA:0,(anonymous_9)
DA:1,0
DA:2,0
DA:3,0
DA:4,0
DA:5,0
DA:6,0
DA:19,0
DA:38,0
DA:41,0
DA:43,0
DA:44,0
DA:47,0
DA:48,0
DA:49,0
DA:53,0
DA:54,0
DA:55,0
DA:60,0
DA:62,0
DA:63,0
DA:64,0
DA:65,0
DA:69,0
DA:101,0
DA:149,0
LF:25
LH:0
BRDA:21,0,0,0
BRDA:23,1,0,0
BRDA:24,2,0,0
BRDA:27,3,0,0
BRDA:48,4,0,0
BRDA:48,4,1,0
BRDA:48,5,0,0
BRDA:48,5,1,0
BRDA:54,6,0,0
BRDA:54,6,1,0
BRDA:54,7,0,0
BRDA:54,7,1,0
BRDA:54,7,2,0
BRDA:54,7,3,0
BRDA:79,8,0,0
BRDA:79,8,1,0
BRDA:83,9,0,0
BRDA:83,9,1,0
BRDA:83,9,2,0
BRDA:99,10,0,0
BRDA:99,10,1,0
BRDA:106,11,0,0
BRDA:106,11,1,0
BRDA:115,12,0,0
BRDA:115,12,1,0
BRF:25
BRH:0
end_of_record
TN:
SF:src/components/audio/VisualizerWave.tsx
FN:16,(anonymous_0)
FN:28,(anonymous_1)
FN:55,(anonymous_2)
FN:87,(anonymous_3)
FNF:4
FNH:0
FNDA:0,(anonymous_0)
FNDA:0,(anonymous_1)
FNDA:0,(anonymous_2)
FNDA:0,(anonymous_3)
DA:1,0
DA:2,0
DA:16,0
DA:23,0
DA:24,0
DA:25,0
DA:26,0
DA:28,0
DA:29,0
DA:31,0
DA:33,0
DA:34,0
DA:36,0
DA:37,0
DA:38,0
DA:39,0
DA:42,0
DA:43,0
DA:44,0
DA:46,0
DA:47,0
DA:49,0
DA:50,0
DA:52,0
DA:53,0
DA:55,0
DA:56,0
DA:58,0
DA:60,0
DA:61,0
DA:63,0
DA:64,0
DA:66,0
DA:67,0
DA:68,0
DA:69,0
DA:72,0
DA:73,0
DA:74,0
DA:75,0
DA:76,0
DA:79,0
DA:82,0
DA:85,0
DA:87,0
DA:88,0
DA:89,0
DA:93,0
DA:97,0
DA:110,0
LF:50
LH:0
BRDA:19,0,0,0
BRDA:20,1,0,0
BRDA:21,2,0,0
BRDA:29,3,0,0
BRDA:29,3,1,0
BRDA:29,4,0,0
BRDA:29,4,1,0
BRDA:33,5,0,0
BRDA:33,5,1,0
BRDA:34,6,0,0
BRDA:34,6,1,0
BRDA:50,7,0,0
BRDA:50,7,1,0
BRDA:53,8,0,0
BRDA:53,8,1,0
BRDA:56,9,0,0
BRDA:56,9,1,0
BRDA:56,10,0,0
BRDA:56,10,1,0
BRDA:88,11,0,0
BRDA:88,11,1,0
BRF:21
BRH:0
end_of_record
TN:
SF:src/components/brand/MascotImage.tsx
FN:35,MascotImage
FNF:1
FNH:0
FNDA:0,MascotImage
DA:1,0
DA:2,0
DA:12,0
DA:35,0
DA:42,0
DA:43,0
DA:45,0
LF:7
LH:0
BRDA:37,0,0,0
BRDA:39,1,0,0
BRDA:40,2,0,0
BRDA:61,3,0,0
BRDA:61,3,1,0
BRDA:61,4,0,0
BRDA:61,4,1,0
BRF:7
BRH:0
end_of_record
TN:
SF:src/components/calls/index.ts
FN:1,(anonymous_1)
FN:1,(anonymous_2)
FNF:2
FNH:0
FNDA:0,(anonymous_1)
FNDA:0,(anonymous_2)
DA:1,0
LF:1
LH:0
BRF:0
BRH:0
end_of_record
TN:
SF:src/components/campaigns/AutomationBuilder.tsx
FN:147,(anonymous_0)
FN:153,(anonymous_1)
FN:174,(anonymous_2)
FN:183,(anonymous_3)
FN:194,(anonymous_4)
FN:211,(anonymous_5)
FN:224,(anonymous_6)
FN:230,(anonymous_7)
FN:264,(anonymous_8)
FN:271,(anonymous_9)
FN:280,(anonymous_10)
FN:300,(anonymous_11)
FN:309,(anonymous_12)
FN:320,(anonymous_13)
FN:337,(anonymous_14)
FN:350,(anonymous_15)
FN:356,(anonymous_16)
FN:381,(anonymous_17)
FN:388,(anonymous_18)
FN:397,(anonymous_19)
FN:419,(anonymous_20)
FN:441,(anonymous_21)
FN:459,(anonymous_22)
FN:484,(anonymous_23)
FN:500,(anonymous_24)
FN:508,(anonymous_25)
FN:518,(anonymous_26)
FN:551,AutomationBuilder
FN:567,(anonymous_28)
FN:575,(anonymous_29)
FN:583,(anonymous_30)
FN:607,(anonymous_31)
FN:639,(anonymous_32)
FN:649,(anonymous_33)
FN:655,(anonymous_34)
FN:663,(anonymous_35)
FN:676,(anonymous_36)
FN:682,(anonymous_37)
FN:687,(anonymous_38)
FN:692,(anonymous_39)
FN:698,(anonymous_40)
FN:701,(anonymous_41)
FN:712,(anonymous_42)
FN:722,(anonymous_43)
FN:728,(anonymous_44)
FN:750,(anonymous_45)
FN:783,(anonymous_46)
FN:801,(anonymous_47)
FN:842,(anonymous_48)
FN:851,(anonymous_49)
FN:857,(anonymous_50)
FN:875,(anonymous_51)
FN:878,(anonymous_52)
FN:947,(anonymous_53)
FN:977,(anonymous_54)
FN:980,(anonymous_55)
FN:984,(anonymous_56)
FN:1004,(anonymous_57)
FNF:58
FNH:0
FNDA:0,(anonymous_0)
FNDA:0,(anonymous_1)
FNDA:0,(anonymous_2)
FNDA:0,(anonymous_3)
FNDA:0,(anonymous_4)
FNDA:0,(anonymous_5)
FNDA:0,(anonymous_6)
FNDA:0,(anonymous_7)
FNDA:0,(anonymous_8)
FNDA:0,(anonymous_9)
FNDA:0,(anonymous_10)
FNDA:0,(anonymous_11)
FNDA:0,(anonymous_12)
FNDA:0,(anonymous_13)
FNDA:0,(anonymous_14)
FNDA:0,(anonymous_15)
FNDA:0,(anonymous_16)
FNDA:0,(anonymous_17)
FNDA:0,(anonymous_18)
FNDA:0,(anonymous_19)
FNDA:0,(anonymous_20)
FNDA:0,(anonymous_21)
FNDA:0,(anonymous_22)
FNDA:0,(anonymous_23)
FNDA:0,(anonymous_24)
FNDA:0,(anonymous_25)
FNDA:0,(anonymous_26)
FNDA:0,AutomationBuilder
FNDA:0,(anonymous_28)
FNDA:0,(anonymous_29)
FNDA:0,(anonymous_30)
FNDA:0,(anonymous_31)
FNDA:0,(anonymous_32)
FNDA:0,(anonymous_33)
FNDA:0,(anonymous_34)
FNDA:0,(anonymous_35)
FNDA:0,(anonymous_36)
FNDA:0,(anonymous_37)
FNDA:0,(anonymous_38)
FNDA:0,(anonymous_39)
FNDA:0,(anonymous_40)
FNDA:0,(anonymous_41)
FNDA:0,(anonymous_42)
FNDA:0,(anonymous_43)
FNDA:0,(anonymous_44)
FNDA:0,(anonymous_45)
FNDA:0,(anonymous_46)
FNDA:0,(anonymous_47)
FNDA:0,(anonymous_48)
FNDA:0,(anonymous_49)
FNDA:0,(anonymous_50)
FNDA:0,(anonymous_51)
FNDA:0,(anonymous_52)
FNDA:0,(anonymous_53)
FNDA:0,(anonymous_54)
FNDA:0,(anonymous_55)
FNDA:0,(anonymous_56)
FNDA:0,(anonymous_57)
DA:6,0
DA:7,0
DA:8,0
DA:9,0
DA:10,0
DA:11,0
DA:12,0
DA:19,0
DA:27,0
DA:28,0
DA:89,0
DA:115,0
DA:147,0
DA:148,0
DA:150,0
DA:153,0
DA:174,0
DA:180,0
DA:181,0
DA:183,0
DA:184,0
DA:190,0
DA:191,0
DA:194,0
DA:195,0
DA:198,0
DA:200,0
DA:211,0
DA:225,0
DA:230,0
DA:264,0
DA:271,0
DA:280,0
DA:300,0
DA:306,0
DA:307,0
DA:309,0
DA:310,0
DA:316,0
DA:317,0
DA:320,0
DA:321,0
DA:324,0
DA:326,0
DA:337,0
DA:351,0
DA:356,0
DA:381,0
DA:388,0
DA:397,0
DA:419,0
DA:427,0
DA:441,0
DA:460,0
DA:485,0
DA:500,0
DA:508,0
DA:519,0
DA:551,0
DA:552,0
DA:553,0
DA:554,0
DA:555,0
DA:556,0
DA:557,0
DA:558,0
DA:559,0
DA:560,0
DA:561,0
DA:562,0
DA:567,0
DA:568,0
DA:569,0
DA:575,0
DA:576,0
DA:577,0
DA:583,0
DA:584,0
DA:586,0
DA:587,0
DA:588,0
DA:591,0
DA:592,0
DA:594,0
DA:595,0
DA:597,0
DA:600,0
DA:607,0
DA:608,0
DA:609,0
DA:610,0
DA:613,0
DA:629,0
DA:630,0
DA:631,0
DA:632,0
DA:633,0
DA:639,0
DA:640,0
DA:642,0
DA:648,0
DA:649,0
DA:655,0
DA:656,0
DA:660,0
DA:661,0
DA:663,0
DA:666,0
DA:668,0
DA:675,0
DA:676,0
DA:682,0
DA:683,0
DA:685,0
DA:687,0
DA:691,0
DA:692,0
DA:698,0
DA:699,0
DA:701,0
DA:702,0
DA:703,0
DA:705,0
DA:706,0
DA:712,0
DA:713,0
DA:715,0
DA:721,0
DA:722,0
DA:728,0
DA:729,0
DA:730,0
DA:731,0
DA:734,0
DA:735,0
DA:736,0
DA:739,0
DA:740,0
DA:741,0
DA:744,0
DA:750,0
DA:751,0
DA:753,0
DA:762,0
DA:763,0
DA:766,0
DA:784,0
DA:802,0
DA:842,0
DA:851,0
DA:857,0
DA:876,0
DA:878,0
DA:948,0
DA:949,0
DA:978,0
DA:981,0
DA:982,0
DA:985,0
DA:1005,0
DA:1006,0
LF:161
LH:0
BRDA:148,0,0,0
BRDA:148,0,1,0
BRDA:180,1,0,0
BRDA:180,1,1,0
BRDA:180,2,0,0
BRDA:180,2,1,0
BRDA:180,3,0,0
BRDA:180,3,1,0
BRDA:181,4,0,0
BRDA:181,4,1,0
BRDA:181,5,0,0
BRDA:181,5,1,0
BRDA:181,6,0,0
BRDA:181,6,1,0
BRDA:185,7,0,0
BRDA:185,7,1,0
BRDA:185,8,0,0
BRDA:185,8,1,0
BRDA:185,9,0,0
BRDA:185,9,1,0
BRDA:229,10,0,0
BRDA:229,10,1,0
BRDA:229,11,0,0
BRDA:229,11,1,0
BRDA:230,12,0,0
BRDA:230,12,1,0
BRDA:235,13,0,0
BRDA:235,13,1,0
BRDA:243,14,0,0
BRDA:243,14,1,0
BRDA:249,15,0,0
BRDA:249,15,1,0
BRDA:258,16,0,0
BRDA:258,16,1,0
BRDA:258,17,0,0
BRDA:258,17,1,0
BRDA:263,18,0,0
BRDA:263,18,1,0
BRDA:270,19,0,0
BRDA:270,19,1,0
BRDA:306,20,0,0
BRDA:306,20,1,0
BRDA:306,21,0,0
BRDA:306,21,1,0
BRDA:306,22,0,0
BRDA:306,22,1,0
BRDA:307,23,0,0
BRDA:307,23,1,0
BRDA:307,24,0,0
BRDA:307,24,1,0
BRDA:307,25,0,0
BRDA:307,25,1,0
BRDA:311,26,0,0
BRDA:311,26,1,0
BRDA:311,27,0,0
BRDA:311,27,1,0
BRDA:311,28,0,0
BRDA:311,28,1,0
BRDA:355,29,0,0
BRDA:355,29,1,0
BRDA:355,30,0,0
BRDA:355,30,1,0
BRDA:356,31,0,0
BRDA:356,31,1,0
BRDA:361,32,0,0
BRDA:361,32,1,0
BRDA:368,33,0,0
BRDA:368,33,1,0
BRDA:376,34,0,0
BRDA:376,34,1,0
BRDA:380,35,0,0
BRDA:380,35,1,0
BRDA:387,36,0,0
BRDA:387,36,1,0
BRDA:435,37,0,0
BRDA:435,37,1,0
BRDA:479,38,0,0
BRDA:479,38,1,0
BRDA:494,39,0,0
BRDA:494,39,1,0
BRDA:526,40,0,0
BRDA:526,40,1,0
BRDA:586,41,0,0
BRDA:586,41,1,0
BRDA:587,42,0,0
BRDA:587,42,1,0
BRDA:587,43,0,0
BRDA:587,43,1,0
BRDA:594,44,0,0
BRDA:594,44,1,0
BRDA:600,45,0,0
BRDA:600,45,1,0
BRDA:600,46,0,0
BRDA:600,46,1,0
BRDA:608,47,0,0
BRDA:608,47,1,0
BRDA:609,48,0,0
BRDA:609,48,1,0
BRDA:609,49,0,0
BRDA:609,49,1,0
BRDA:640,50,0,0
BRDA:640,50,1,0
BRDA:649,51,0,0
BRDA:649,51,1,0
BRDA:656,52,0,0
BRDA:656,52,1,0
BRDA:660,53,0,0
BRDA:660,53,1,0
BRDA:663,54,0,0
BRDA:663,54,1,0
BRDA:676,55,0,0
BRDA:676,55,1,0
BRDA:683,56,0,0
BRDA:683,56,1,0
BRDA:692,57,0,0
BRDA:692,57,1,0
BRDA:699,58,0,0
BRDA:699,58,1,0
BRDA:702,59,0,0
BRDA:702,59,1,0
BRDA:702,60,0,0
BRDA:702,60,1,0
BRDA:702,61,0,0
BRDA:702,61,1,0
BRDA:713,62,0,0
BRDA:713,62,1,0
BRDA:722,63,0,0
BRDA:722,63,1,0
BRDA:729,64,0,0
BRDA:729,64,1,0
BRDA:730,65,0,0
BRDA:730,65,1,0
BRDA:730,66,0,0
BRDA:730,66,1,0
BRDA:734,67,0,0
BRDA:734,67,1,0
BRDA:735,68,0,0
BRDA:735,68,1,0
BRDA:735,69,0,0
BRDA:735,69,1,0
BRDA:739,70,0,0
BRDA:739,70,1,0
BRDA:740,71,0,0
BRDA:740,71,1,0
BRDA:740,72,0,0
BRDA:740,72,1,0
BRDA:744,73,0,0
BRDA:744,73,1,0
BRDA:744,74,0,0
BRDA:744,74,1,0
BRDA:751,75,0,0
BRDA:751,75,1,0
BRDA:866,76,0,0
BRDA:866,76,1,0
BRDA:880,77,0,0
BRDA:880,77,1,0
BRDA:880,78,0,0
BRDA:880,78,1,0
BRDA:880,79,0,0
BRDA:880,79,1,0
BRDA:889,80,0,0
BRDA:889,80,1,0
BRDA:895,81,0,0
BRDA:895,81,1,0
BRDA:898,82,0,0
BRDA:898,82,1,0
BRDA:915,83,0,0
BRDA:915,83,1,0
BRDA:923,84,0,0
BRDA:923,84,1,0
BRDA:926,85,0,0
BRDA:926,85,1,0
BRDA:973,86,0,0
BRDA:973,86,1,0
BRDA:1001,87,0,0
BRDA:1001,87,1,0
BRDA:1027,88,0,0
BRDA:1027,88,1,0
BRDA:1027,89,0,0
BRDA:1027,89,1,0
BRDA:1027,90,0,0
BRDA:1027,90,1,0
BRDA:1034,91,0,0
BRDA:1034,91,1,0
BRF:184
BRH:0
end_of_record
TN:
SF:src/components/campaigns/AutomationBuilderDemo.tsx
FN:14,AutomationBuilderDemo
FN:23,(anonymous_9)
FN:23,(anonymous_10)
FN:38,(anonymous_11)
FN:39,(anonymous_12)
FN:61,(anonymous_13)
FN:109,(anonymous_14)
FN:130,(anonymous_15)
FN:144,(anonymous_16)
FN:150,(anonymous_17)
FNF:10
FNH:0
FNDA:0,AutomationBuilderDemo
FNDA:0,(anonymous_9)
FNDA:0,(anonymous_10)
FNDA:0,(anonymous_11)
FNDA:0,(anonymous_12)
FNDA:0,(anonymous_13)
FNDA:0,(anonymous_14)
FNDA:0,(anonymous_15)
FNDA:0,(anonymous_16)
FNDA:0,(anonymous_17)
DA:6,0
DA:7,0
DA:8,0
DA:10,0
DA:11,0
DA:12,0
DA:14,0
DA:15,0
DA:16,0
DA:17,0
DA:18,0
DA:23,0
DA:24,0
DA:25,0
DA:26,0
DA:29,0
DA:30,0
DA:31,0
DA:35,0
DA:38,0
DA:39,0
DA:40,0
DA:41,0
DA:43,0
DA:46,0
DA:50,0
DA:51,0
DA:52,0
DA:54,0
DA:61,0
DA:62,0
DA:65,0
DA:110,0
DA:131,0
DA:145,0
DA:151,0
LF:36
LH:0
BRDA:30,0,0,0
BRDA:30,0,1,0
BRDA:31,1,0,0
BRDA:31,1,1,0
BRDA:31,2,0,0
BRDA:31,2,1,0
BRDA:40,3,0,0
BRDA:40,3,1,0
BRDA:50,4,0,0
BRDA:50,4,1,0
BRDA:76,5,0,0
BRDA:76,5,1,0
BRDA:83,6,0,0
BRDA:83,6,1,0
BRDA:90,7,0,0
BRDA:90,7,1,0
BRDA:101,8,0,0
BRDA:101,8,1,0
BRDA:117,9,0,0
BRDA:117,9,1,0
BRDA:122,10,0,0
BRDA:122,10,1,0
BRDA:124,11,0,0
BRDA:124,11,1,0
BRDA:138,12,0,0
BRDA:138,12,1,0
BRDA:161,13,0,0
BRDA:161,13,1,0
BRF:28
BRH:0
end_of_record
TN:
SF:src/components/campaigns/index.ts
FN:1,(anonymous_1)
FNF:1
FNH:0
FNDA:0,(anonymous_1)
DA:1,0
LF:1
LH:0
BRF:0
BRH:0
end_of_record
TN:
SF:src/components/crm/ContactsTable.tsx
FN:36,(anonymous_7)
FN:48,(anonymous_8)
FN:53,(anonymous_9)
FN:53,(anonymous_10)
FN:74,(anonymous_11)
FN:83,(anonymous_12)
FN:83,(anonymous_13)
FN:93,(anonymous_14)
FN:93,(anonymous_15)
FN:100,(anonymous_16)
FN:122,(anonymous_17)
FN:124,(anonymous_18)
FN:183,(anonymous_19)
FN:187,(anonymous_20)
FN:209,(anonymous_21)
FN:219,(anonymous_22)
FN:246,(anonymous_23)
FN:247,(anonymous_24)
FN:256,(anonymous_25)
FN:257,(anonymous_26)
FNF:20
FNH:0
FNDA:0,(anonymous_7)
FNDA:0,(anonymous_8)
FNDA:0,(anonymous_9)
FNDA:0,(anonymous_10)
FNDA:0,(anonymous_11)
FNDA:0,(anonymous_12)
FNDA:0,(anonymous_13)
FNDA:0,(anonymous_14)
FNDA:0,(anonymous_15)
FNDA:0,(anonymous_16)
FNDA:0,(anonymous_17)
FNDA:0,(anonymous_18)
FNDA:0,(anonymous_19)
FNDA:0,(anonymous_20)
FNDA:0,(anonymous_21)
FNDA:0,(anonymous_22)
FNDA:0,(anonymous_23)
FNDA:0,(anonymous_24)
FNDA:0,(anonymous_25)
FNDA:0,(anonymous_26)
DA:1,0
DA:2,0
DA:3,0
DA:4,0
DA:5,0
DA:6,0
DA:14,0
DA:21,0
DA:36,0
DA:41,0
DA:42,0
DA:43,0
DA:44,0
DA:45,0
DA:46,0
DA:48,0
DA:49,0
DA:50,0
DA:53,0
DA:54,0
DA:56,0
DA:57,0
DA:58,0
DA:65,0
DA:71,0
DA:72,0
DA:73,0
DA:74,0
DA:77,0
DA:79,0
DA:83,0
DA:84,0
DA:85,0
DA:92,0
DA:93,0
DA:96,0
DA:100,0
DA:101,0
DA:109,0
DA:112,0
DA:123,0
DA:124,0
DA:184,0
DA:187,0
DA:210,0
DA:211,0
DA:220,0
DA:221,0
DA:247,0
DA:257,0
LF:50
LH:0
BRDA:49,0,0,0
BRDA:49,0,1,0
BRDA:49,1,0,0
BRDA:49,1,1,0
BRDA:49,2,0,0
BRDA:49,2,1,0
BRDA:51,3,0,0
BRDA:51,3,1,0
BRDA:51,4,0,0
BRDA:51,4,1,0
BRDA:54,5,0,0
BRDA:54,5,1,0
BRDA:54,6,0,0
BRDA:54,6,1,0
BRDA:54,7,0,0
BRDA:54,7,1,0
BRDA:61,8,0,0
BRDA:61,8,1,0
BRDA:62,9,0,0
BRDA:62,9,1,0
BRDA:71,10,0,0
BRDA:71,10,1,0
BRDA:73,11,0,0
BRDA:73,11,1,0
BRDA:92,12,0,0
BRDA:92,12,1,0
BRDA:109,13,0,0
BRDA:109,13,1,0
BRDA:170,14,0,0
BRDA:170,14,1,0
BRDA:176,15,0,0
BRDA:176,15,1,0
BRDA:187,16,0,0
BRDA:187,16,1,0
BRDA:187,17,0,0
BRDA:187,17,1,0
BRDA:192,18,0,0
BRDA:192,18,1,0
BRDA:211,19,0,0
BRDA:211,19,1,0
BRDA:211,20,0,0
BRDA:211,20,1,0
BRDA:235,21,0,0
BRDA:235,21,1,0
BRF:44
BRH:0
end_of_record
TN:
SF:src/components/demo/DemoBenefits.tsx
FN:32,(anonymous_0)
FN:59,(anonymous_1)
FNF:2
FNH:0
FNDA:0,(anonymous_0)
FNDA:0,(anonymous_1)
DA:1,0
DA:2,0
DA:3,0
DA:5,0
DA:32,0
DA:33,0
DA:34,0
DA:36,0
DA:60,0
DA:127,0
LF:10
LH:0
BRDA:42,0,0,0
BRDA:42,0,1,0
BRDA:63,1,0,0
BRDA:63,1,1,0
BRDA:85,2,0,0
BRDA:85,2,1,0
BRF:6
BRH:0
end_of_record
TN:
SF:src/components/demo/DemoHero.tsx
FN:5,(anonymous_0)
FN:87,(anonymous_1)
FN:109,(anonymous_2)
FNF:3
FNH:0
FNDA:0,(anonymous_0)
FNDA:0,(anonymous_1)
FNDA:0,(anonymous_2)
DA:1,0
DA:2,0
DA:3,0
DA:5,0
DA:6,0
DA:7,0
DA:9,0
DA:88,0
DA:110,0
DA:131,0
LF:10
LH:0
BRDA:21,0,0,0
BRDA:21,0,1,0
BRDA:63,1,0,0
BRDA:63,1,1,0
BRDA:91,2,0,0
BRDA:91,2,1,0
BRDA:113,3,0,0
BRDA:113,3,1,0
BRDA:117,4,0,0
BRDA:117,4,1,0
BRF:10
BRH:0
end_of_record
TN:
SF:src/components/jobs/JobApplicationForm.tsx
FN:13,JobApplicationForm
FN:33,(anonymous_8)
FN:37,(anonymous_9)
FN:40,(anonymous_10)
FN:52,(anonymous_11)
FN:52,(anonymous_12)
FN:123,(anonymous_13)
FNF:7
FNH:0
FNDA:0,JobApplicationForm
FNDA:0,(anonymous_8)
FNDA:0,(anonymous_9)
FNDA:0,(anonymous_10)
FNDA:0,(anonymous_11)
FNDA:0,(anonymous_12)
FNDA:0,(anonymous_13)
DA:1,0
DA:2,0
DA:3,0
DA:4,0
DA:5,0
DA:13,0
DA:18,0
DA:28,0
DA:29,0
DA:30,0
DA:31,0
DA:33,0
DA:36,0
DA:37,0
DA:40,0
DA:41,0
DA:42,0
DA:43,0
DA:44,0
DA:45,0
DA:47,0
DA:48,0
DA:52,0
DA:53,0
DA:54,0
DA:55,0
DA:57,0
DA:58,0
DA:59,0
DA:60,0
DA:61,0
DA:62,0
DA:63,0
DA:64,0
DA:65,0
DA:66,0
DA:67,0
DA:69,0
DA:70,0
DA:73,0
DA:78,0
DA:80,0
DA:81,0
DA:82,0
DA:91,0
DA:92,0
DA:94,0
DA:95,0
DA:98,0
DA:99,0
DA:103,0
DA:107,0
DA:108,0
DA:124,0
DA:125,0
DA:135,0
LF:56
LH:0
BRDA:41,0,0,0
BRDA:41,0,1,0
BRDA:41,1,0,0
BRDA:41,1,1,0
BRDA:42,2,0,0
BRDA:42,2,1,0
BRDA:43,3,0,0
BRDA:43,3,1,0
BRDA:69,4,0,0
BRDA:69,4,1,0
BRDA:80,5,0,0
BRDA:80,5,1,0
BRDA:92,6,0,0
BRDA:92,6,1,0
BRDA:92,7,0,0
BRDA:92,7,1,0
BRDA:95,8,0,0
BRDA:95,8,1,0
BRDA:100,9,0,0
BRDA:100,9,1,0
BRDA:107,10,0,0
BRDA:107,10,1,0
BRDA:277,11,0,0
BRDA:277,11,1,0
BRDA:293,12,0,0
BRDA:293,12,1,0
BRDA:293,12,2,0
BRDA:308,13,0,0
BRDA:308,13,1,0
BRF:29
BRH:0
end_of_record
TN:
SF:src/components/jobs/JobCard.tsx
FN:13,JobCard
FN:87,(anonymous_2)
FN:102,(anonymous_3)
FN:108,(anonymous_4)
FN:126,(anonymous_5)
FN:146,(anonymous_6)
FN:161,(anonymous_7)
FNF:7
FNH:0
FNDA:0,JobCard
FNDA:0,(anonymous_2)
FNDA:0,(anonymous_3)
FNDA:0,(anonymous_4)
FNDA:0,(anonymous_5)
FNDA:0,(anonymous_6)
FNDA:0,(anonymous_7)
DA:2,0
DA:3,0
DA:4,0
DA:5,0
DA:6,0
DA:7,0
DA:13,0
DA:14,0
DA:16,0
DA:88,0
DA:103,0
DA:109,0
DA:127,0
DA:147,0
DA:161,0
LF:15
LH:0
BRDA:76,0,0,0
BRDA:76,0,1,0
BRDA:76,1,0,0
BRDA:76,1,1,0
BRDA:164,2,0,0
BRDA:164,2,1,0
BRDA:167,3,0,0
BRDA:167,3,1,0
BRF:8
BRH:0
end_of_record
TN:
SF:src/components/portal/CampaignBuilder.tsx
FN:74,(anonymous_0)
FN:87,(anonymous_1)
FN:89,(anonymous_2)
FN:93,(anonymous_3)
FN:98,(anonymous_4)
FN:99,(anonymous_5)
FN:101,(anonymous_6)
FN:106,(anonymous_7)
FN:110,(anonymous_8)
FN:114,(anonymous_9)
FN:115,(anonymous_10)
FN:120,(anonymous_11)
FN:126,(anonymous_12)
FN:127,(anonymous_13)
FN:147,(anonymous_14)
FN:160,(anonymous_15)
FN:183,(anonymous_16)
FN:201,(anonymous_17)
FN:201,(anonymous_18)
FN:209,(anonymous_19)
FN:209,(anonymous_20)
FN:217,(anonymous_21)
FN:217,(anonymous_22)
FN:225,(anonymous_23)
FN:231,(anonymous_24)
FN:249,(anonymous_25)
FN:262,(anonymous_26)
FN:317,(anonymous_27)
FN:321,(anonymous_28)
FN:324,(anonymous_29)
FN:361,(anonymous_30)
FN:369,(anonymous_31)
FN:395,(anonymous_32)
FN:396,(anonymous_33)
FN:429,(anonymous_34)
FN:430,(anonymous_35)
FN:453,(anonymous_36)
FN:454,(anonymous_37)
FN:468,(anonymous_38)
FN:469,(anonymous_39)
FN:482,(anonymous_40)
FN:483,(anonymous_41)
FN:503,(anonymous_42)
FN:504,(anonymous_43)
FNF:44
FNH:0
FNDA:0,(anonymous_0)
FNDA:0,(anonymous_1)
FNDA:0,(anonymous_2)
FNDA:0,(anonymous_3)
FNDA:0,(anonymous_4)
FNDA:0,(anonymous_5)
FNDA:0,(anonymous_6)
FNDA:0,(anonymous_7)
FNDA:0,(anonymous_8)
FNDA:0,(anonymous_9)
FNDA:0,(anonymous_10)
FNDA:0,(anonymous_11)
FNDA:0,(anonymous_12)
FNDA:0,(anonymous_13)
FNDA:0,(anonymous_14)
FNDA:0,(anonymous_15)
FNDA:0,(anonymous_16)
FNDA:0,(anonymous_17)
FNDA:0,(anonymous_18)
FNDA:0,(anonymous_19)
FNDA:0,(anonymous_20)
FNDA:0,(anonymous_21)
FNDA:0,(anonymous_22)
FNDA:0,(anonymous_23)
FNDA:0,(anonymous_24)
FNDA:0,(anonymous_25)
FNDA:0,(anonymous_26)
FNDA:0,(anonymous_27)
FNDA:0,(anonymous_28)
FNDA:0,(anonymous_29)
FNDA:0,(anonymous_30)
FNDA:0,(anonymous_31)
FNDA:0,(anonymous_32)
FNDA:0,(anonymous_33)
FNDA:0,(anonymous_34)
FNDA:0,(anonymous_35)
FNDA:0,(anonymous_36)
FNDA:0,(anonymous_37)
FNDA:0,(anonymous_38)
FNDA:0,(anonymous_39)
FNDA:0,(anonymous_40)
FNDA:0,(anonymous_41)
FNDA:0,(anonymous_42)
FNDA:0,(anonymous_43)
DA:1,0
DA:2,0
DA:9,0
DA:10,0
DA:11,0
DA:12,0
DA:13,0
DA:20,0
DA:21,0
DA:22,0
DA:23,0
DA:56,0
DA:67,0
DA:74,0
DA:75,0
DA:76,0
DA:77,0
DA:78,0
DA:79,0
DA:80,0
DA:84,0
DA:85,0
DA:87,0
DA:88,0
DA:89,0
DA:93,0
DA:94,0
DA:98,0
DA:99,0
DA:100,0
DA:101,0
DA:106,0
DA:107,0
DA:110,0
DA:114,0
DA:115,0
DA:116,0
DA:117,0
DA:120,0
DA:126,0
DA:127,0
DA:130,0
DA:147,0
DA:160,0
DA:183,0
DA:201,0
DA:209,0
DA:217,0
DA:226,0
DA:231,0
DA:249,0
DA:262,0
DA:318,0
DA:321,0
DA:324,0
DA:362,0
DA:369,0
DA:396,0
DA:397,0
DA:430,0
DA:454,0
DA:469,0
DA:483,0
DA:504,0
DA:544,0
LF:65
LH:0
BRDA:88,0,0,0
BRDA:88,0,1,0
BRDA:94,1,0,0
BRDA:94,1,1,0
BRDA:100,2,0,0
BRDA:100,2,1,0
BRDA:108,3,0,0
BRDA:108,3,1,0
BRDA:116,4,0,0
BRDA:116,4,1,0
BRDA:119,5,0,0
BRDA:119,5,1,0
BRDA:151,6,0,0
BRDA:151,6,1,0
BRDA:176,7,0,0
BRDA:176,7,1,0
BRDA:176,8,0,0
BRDA:176,8,1,0
BRDA:191,9,0,0
BRDA:191,9,1,0
BRDA:242,10,0,0
BRDA:242,10,1,0
BRDA:244,11,0,0
BRDA:244,11,1,0
BRDA:253,12,0,0
BRDA:253,12,1,0
BRDA:254,13,0,0
BRDA:254,13,1,0
BRDA:266,14,0,0
BRDA:266,14,1,0
BRDA:270,15,0,0
BRDA:270,15,1,0
BRDA:279,16,0,0
BRDA:279,16,1,0
BRDA:282,17,0,0
BRDA:282,17,1,0
BRDA:285,18,0,0
BRDA:285,18,1,0
BRDA:289,19,0,0
BRDA:289,19,1,0
BRDA:291,20,0,0
BRDA:291,20,1,0
BRDA:326,21,0,0
BRDA:326,21,1,0
BRDA:326,22,0,0
BRDA:326,22,1,0
BRDA:326,23,0,0
BRDA:326,23,1,0
BRDA:354,24,0,0
BRDA:354,24,1,0
BRDA:380,25,0,0
BRDA:380,25,1,0
BRDA:388,26,0,0
BRDA:388,26,1,0
BRDA:392,27,0,0
BRDA:392,27,1,0
BRDA:399,28,0,0
BRDA:399,28,1,0
BRDA:399,29,0,0
BRDA:399,29,1,0
BRDA:403,30,0,0
BRDA:403,30,1,0
BRDA:443,31,0,0
BRDA:443,31,1,0
BRDA:452,32,0,0
BRDA:452,32,1,0
BRDA:467,33,0,0
BRDA:467,33,1,0
BRDA:482,34,0,0
BRDA:482,34,1,0
BRDA:498,35,0,0
BRDA:498,35,1,0
BRDA:503,36,0,0
BRDA:503,36,1,0
BRDA:526,37,0,0
BRDA:526,37,1,0
BRDA:526,37,2,0
BRDA:529,38,0,0
BRDA:529,38,1,0
BRF:79
BRH:0
end_of_record
TN:
SF:src/components/portal/MetricCard.tsx
FN:13,(anonymous_0)
FNF:1
FNH:0
FNDA:0,(anonymous_0)
DA:1,0
DA:13,0
DA:14,0
DA:44,0
LF:4
LH:0
BRDA:13,0,0,0
BRDA:13,1,0,0
BRDA:25,2,0,0
BRDA:25,2,1,0
BRDA:28,3,0,0
BRDA:28,3,1,0
BRDA:30,4,0,0
BRDA:30,4,1,0
BRF:8
BRH:0
end_of_record
TN:
SF:src/components/portal/PortalLayout.tsx
FN:27,(anonymous_7)
FN:34,(anonymous_8)
FN:34,(anonymous_9)
FN:39,(anonymous_10)
FN:44,(anonymous_11)
FN:57,(anonymous_12)
FN:63,(anonymous_13)
FN:118,(anonymous_14)
FN:132,(anonymous_15)
FN:145,(anonymous_16)
FNF:10
FNH:0
FNDA:0,(anonymous_7)
FNDA:0,(anonymous_8)
FNDA:0,(anonymous_9)
FNDA:0,(anonymous_10)
FNDA:0,(anonymous_11)
FNDA:0,(anonymous_12)
FNDA:0,(anonymous_13)
FNDA:0,(anonymous_14)
FNDA:0,(anonymous_15)
FNDA:0,(anonymous_16)
DA:1,0
DA:2,0
DA:3,0
DA:4,0
DA:5,0
DA:10,0
DA:11,0
DA:13,0
DA:27,0
DA:28,0
DA:29,0
DA:30,0
DA:31,0
DA:32,0
DA:34,0
DA:35,0
DA:36,0
DA:39,0
DA:40,0
DA:41,0
DA:44,0
DA:45,0
DA:58,0
DA:59,0
DA:63,0
DA:105,0
DA:118,0
DA:132,0
DA:145,0
DA:171,0
LF:30
LH:0
BRDA:40,0,0,0
BRDA:40,0,1,0
BRDA:49,1,0,0
BRDA:49,1,1,0
BRDA:50,2,0,0
BRDA:50,2,1,0
BRDA:50,3,0,0
BRDA:50,3,1,0
BRDA:65,4,0,0
BRDA:65,4,1,0
BRDA:70,5,0,0
BRDA:70,5,1,0
BRDA:77,6,0,0
BRDA:77,6,1,0
BRDA:78,7,0,0
BRDA:78,7,1,0
BRDA:88,8,0,0
BRDA:88,8,1,0
BRDA:90,9,0,0
BRDA:90,9,1,0
BRDA:90,10,0,0
BRDA:90,10,1,0
BRDA:99,11,0,0
BRDA:99,11,1,0
BRDA:113,12,0,0
BRDA:113,12,1,0
BRDA:121,13,0,0
BRDA:121,13,1,0
BRDA:133,14,0,0
BRDA:133,14,1,0
BRDA:138,15,0,0
BRDA:138,15,1,0
BRF:32
BRH:0
end_of_record
TN:
SF:src/components/portal/ProtectedRoute.tsx
FN:4,(anonymous_0)
FNF:1
FNH:0
FNDA:0,(anonymous_0)
DA:1,0
DA:2,0
DA:4,0
DA:5,0
DA:7,0
DA:8,0
DA:15,0
DA:17,0
DA:20,0
LF:9
LH:0
BRDA:7,0,0,0
BRDA:7,0,1,0
BRDA:15,1,0,0
BRDA:15,1,1,0
BRF:4
BRH:0
end_of_record
TN:
SF:src/components/portal/StatusBadge.tsx
FN:28,(anonymous_0)
FNF:1
FNH:0
FNDA:0,(anonymous_0)
DA:1,0
DA:28,0
DA:29,0
DA:38,0
LF:4
LH:0
BRDA:31,0,0,0
BRDA:31,0,1,0
BRF:2
BRH:0
end_of_record
TN:
SF:src/components/ui/accordion.tsx
FN:12,(anonymous_10)
FN:20,(anonymous_11)
FN:40,(anonymous_12)
FNF:3
FNH:0
FNDA:0,(anonymous_10)
FNDA:0,(anonymous_11)
FNDA:0,(anonymous_12)
DA:1,0
DA:2,0
DA:3,0
DA:5,0
DA:7,0
DA:9,0
DA:12,0
DA:15,0
DA:17,0
DA:20,0
DA:35,0
DA:37,0
DA:40,0
DA:50,0
DA:52,0
LF:15
LH:0
BRF:0
BRH:0
end_of_record
TN:
SF:src/components/ui/alert-dialog.tsx
FN:16,(anonymous_10)
FN:31,(anonymous_11)
FN:46,(anonymous_12)
FN:51,(anonymous_13)
FN:59,(anonymous_14)
FN:67,(anonymous_15)
FN:75,(anonymous_16)
FN:83,(anonymous_17)
FNF:8
FNH:0
FNDA:0,(anonymous_10)
FNDA:0,(anonymous_11)
FNDA:0,(anonymous_12)
FNDA:0,(anonymous_13)
FNDA:0,(anonymous_14)
FNDA:0,(anonymous_15)
FNDA:0,(anonymous_16)
FNDA:0,(anonymous_17)
DA:1,0
DA:2,0
DA:4,0
DA:5,0
DA:7,0
DA:9,0
DA:11,0
DA:13,0
DA:16,0
DA:26,0
DA:28,0
DA:31,0
DA:44,0
DA:46,0
DA:49,0
DA:51,0
DA:54,0
DA:56,0
DA:59,0
DA:62,0
DA:64,0
DA:67,0
DA:70,0
DA:72,0
DA:75,0
DA:78,0
DA:80,0
DA:83,0
DA:90,0
DA:93,0
DA:94,0
DA:95,0
DA:96,0
DA:97,0
DA:98,0
DA:99,0
DA:100,0
DA:101,0
DA:102,0
DA:103,0
LF:40
LH:0
BRF:0
BRH:0
end_of_record
TN:
SF:src/components/ui/alert.tsx
FN:24,(anonymous_10)
FN:30,(anonymous_11)
FN:37,(anonymous_12)
FNF:3
FNH:0
FNDA:0,(anonymous_10)
FNDA:0,(anonymous_11)
FNDA:0,(anonymous_12)
DA:1,0
DA:2,0
DA:4,0
DA:6,0
DA:21,0
DA:24,0
DA:27,0
DA:29,0
DA:30,0
DA:34,0
DA:36,0
DA:37,0
DA:41,0
DA:43,0
LF:14
LH:0
BRF:0
BRH:0
end_of_record
TN:
SF:src/components/ui/aspect-ratio.tsx
FNF:0
FNH:0
DA:1,0
DA:3,0
DA:5,0
LF:3
LH:0
BRF:0
BRH:0
end_of_record
TN:
SF:src/components/ui/avatar.tsx
FN:9,(anonymous_10)
FN:21,(anonymous_11)
FN:29,(anonymous_12)
FNF:3
FNH:0
FNDA:0,(anonymous_10)
FNDA:0,(anonymous_11)
FNDA:0,(anonymous_12)
DA:1,0
DA:2,0
DA:4,0
DA:6,0
DA:9,0
DA:16,0
DA:18,0
DA:21,0
DA:24,0
DA:26,0
DA:29,0
DA:36,0
DA:38,0
LF:13
LH:0
BRF:0
BRH:0
end_of_record
TN:
SF:src/components/ui/badge.tsx
FN:25,Badge
FNF:1
FNH:0
FNDA:0,Badge
DA:2,0
DA:4,0
DA:6,0
DA:25,0
DA:26,0
DA:29,0
LF:6
LH:0
BRF:0
BRH:0
end_of_record
TN:
SF:src/components/ui/breadcrumb.tsx
FN:12,(anonymous_10)
FN:16,(anonymous_11)
FN:30,(anonymous_12)
FN:41,(anonymous_13)
FN:49,(anonymous_14)
FN:62,(anonymous_15)
FN:69,(anonymous_16)
FNF:7
FNH:0
FNDA:0,(anonymous_10)
FNDA:0,(anonymous_11)
FNDA:0,(anonymous_12)
FNDA:0,(anonymous_13)
FNDA:0,(anonymous_14)
FNDA:0,(anonymous_15)
FNDA:0,(anonymous_16)
DA:1,0
DA:2,0
DA:3,0
DA:5,0
DA:7,0
DA:12,0
DA:13,0
DA:15,0
DA:16,0
DA:27,0
DA:29,0
DA:30,0
DA:34,0
DA:36,0
DA:41,0
DA:42,0
DA:44,0
DA:46,0
DA:48,0
DA:49,0
DA:60,0
DA:62,0
DA:67,0
DA:69,0
DA:80,0
DA:83,0
DA:84,0
DA:85,0
DA:86,0
DA:87,0
DA:88,0
DA:89,0
LF:32
LH:0
BRDA:42,0,0,0
BRDA:42,0,1,0
BRDA:64,1,0,0
BRDA:64,1,1,0
BRDA:64,2,0,0
BRDA:64,2,1,0
BRF:6
BRH:0
end_of_record
TN:
SF:src/components/ui/button.tsx
FN:44,(anonymous_10)
FNF:1
FNH:0
FNDA:0,(anonymous_10)
DA:1,0
DA:2,0
DA:3,0
DA:4,0
DA:6,0
DA:43,0
DA:44,0
DA:45,0
DA:46,0
DA:49,0
DA:51,0
LF:11
LH:0
BRDA:44,0,0,0
BRDA:45,1,0,0
BRDA:45,1,1,0
BRF:3
BRH:0
end_of_record
TN:
SF:src/components/ui/calendar.tsx
FN:10,Calendar
FN:45,(anonymous_2)
FN:46,(anonymous_3)
FNF:3
FNH:0
FNDA:0,Calendar
FNDA:0,(anonymous_2)
FNDA:0,(anonymous_3)
DA:2,0
DA:3,0
DA:5,0
DA:6,0
DA:10,0
DA:11,0
DA:45,0
DA:46,0
DA:52,0
DA:54,0
LF:10
LH:0
BRDA:10,0,0,0
BRF:1
BRH:0
end_of_record
TN:
SF:src/components/ui/card.tsx
FN:5,(anonymous_10)
FN:11,(anonymous_11)
FN:18,(anonymous_12)
FN:25,(anonymous_13)
FN:32,(anonymous_14)
FN:37,(anonymous_15)
FNF:6
FNH:0
FNDA:0,(anonymous_10)
FNDA:0,(anonymous_11)
FNDA:0,(anonymous_12)
FNDA:0,(anonymous_13)
FNDA:0,(anonymous_14)
FNDA:0,(anonymous_15)
DA:1,0
DA:3,0
DA:5,0
DA:8,0
DA:10,0
DA:11,0
DA:15,0
DA:17,0
DA:18,0
DA:22,0
DA:24,0
DA:25,0
DA:29,0
DA:31,0
DA:32,0
DA:34,0
DA:36,0
DA:37,0
DA:41,0
DA:43,0
LF:20
LH:0
BRF:0
BRH:0
end_of_record
TN:
SF:src/components/ui/carousel.tsx
FN:31,useCarousel
FN:42,(anonymous_12)
FN:53,(anonymous_13)
FN:62,(anonymous_14)
FN:66,(anonymous_15)
FN:71,(anonymous_16)
FN:83,(anonymous_17)
FN:91,(anonymous_18)
FN:100,(anonymous_19)
FN:135,(anonymous_20)
FN:152,(anonymous_21)
FN:169,(anonymous_22)
FN:197,(anonymous_23)
FNF:13
FNH:0
FNDA:0,useCarousel
FNDA:0,(anonymous_12)
FNDA:0,(anonymous_13)
FNDA:0,(anonymous_14)
FNDA:0,(anonymous_15)
FNDA:0,(anonymous_16)
FNDA:0,(anonymous_17)
FNDA:0,(anonymous_18)
FNDA:0,(anonymous_19)
FNDA:0,(anonymous_20)
FNDA:0,(anonymous_21)
FNDA:0,(anonymous_22)
FNDA:0,(anonymous_23)
DA:1,0
DA:2,0
DA:3,0
DA:5,0
DA:6,0
DA:29,0
DA:32,0
DA:34,0
DA:35,0
DA:38,0
DA:41,0
DA:42,0
DA:43,0
DA:50,0
DA:51,0
DA:53,0
DA:54,0
DA:55,0
DA:58,0
DA:59,0
DA:62,0
DA:63,0
DA:66,0
DA:67,0
DA:70,0
DA:72,0
DA:73,0
DA:74,0
DA:75,0
DA:76,0
DA:77,0
DA:83,0
DA:84,0
DA:85,0
DA:88,0
DA:91,0
DA:92,0
DA:93,0
DA:96,0
DA:97,0
DA:98,0
DA:100,0
DA:101,0
DA:105,0
DA:132,0
DA:134,0
DA:135,0
DA:136,0
DA:138,0
DA:149,0
DA:151,0
DA:152,0
DA:153,0
DA:155,0
DA:166,0
DA:168,0
DA:169,0
DA:170,0
DA:172,0
DA:194,0
DA:196,0
DA:197,0
DA:198,0
DA:200,0
DA:222,0
DA:224,0
LF:66
LH:0
BRDA:34,0,0,0
BRDA:34,0,1,0
BRDA:42,1,0,0
BRDA:46,2,0,0
BRDA:46,2,1,0
BRDA:54,3,0,0
BRDA:54,3,1,0
BRDA:63,4,0,0
BRDA:63,4,1,0
BRDA:63,5,0,0
BRDA:63,5,1,0
BRDA:67,6,0,0
BRDA:67,6,1,0
BRDA:67,7,0,0
BRDA:67,7,1,0
BRDA:72,8,0,0
BRDA:72,8,1,0
BRDA:75,9,0,0
BRDA:75,9,1,0
BRDA:84,10,0,0
BRDA:84,10,1,0
BRDA:84,11,0,0
BRDA:84,11,1,0
BRDA:92,12,0,0
BRDA:92,12,1,0
BRDA:101,13,0,0
BRDA:101,13,1,0
BRDA:101,14,0,0
BRDA:101,14,1,0
BRDA:111,15,0,0
BRDA:111,15,1,0
BRDA:111,16,0,0
BRDA:111,16,1,0
BRDA:111,17,0,0
BRDA:111,17,1,0
BRDA:111,18,0,0
BRDA:111,18,1,0
BRDA:142,19,0,0
BRDA:142,19,1,0
BRDA:160,20,0,0
BRDA:160,20,1,0
BRDA:169,21,0,0
BRDA:169,22,0,0
BRDA:179,23,0,0
BRDA:179,23,1,0
BRDA:197,24,0,0
BRDA:197,25,0,0
BRDA:207,26,0,0
BRDA:207,26,1,0
BRF:49
BRH:0
end_of_record
TN:
SF:src/components/ui/chart.tsx
FN:22,useChart
FN:38,(anonymous_11)
FN:61,(anonymous_12)
FN:62,(anonymous_13)
FN:73,(anonymous_14)
FN:76,(anonymous_15)
FN:103,(anonymous_16)
FN:123,(anonymous_17)
FN:163,(anonymous_18)
FN:237,(anonymous_19)
FN:249,(anonymous_20)
FN:278,getPayloadConfigFromPayload
FNF:12
FNH:0
FNDA:0,useChart
FNDA:0,(anonymous_11)
FNDA:0,(anonymous_12)
FNDA:0,(anonymous_13)
FNDA:0,(anonymous_14)
FNDA:0,(anonymous_15)
FNDA:0,(anonymous_16)
FNDA:0,(anonymous_17)
FNDA:0,(anonymous_18)
FNDA:0,(anonymous_19)
FNDA:0,(anonymous_20)
FNDA:0,getPayloadConfigFromPayload
DA:1,0
DA:2,0
DA:4,0
DA:7,0
DA:20,0
DA:23,0
DA:25,0
DA:26,0
DA:29,0
DA:32,0
DA:38,0
DA:39,0
DA:40,0
DA:42,0
DA:59,0
DA:61,0
DA:62,0
DA:64,0
DA:65,0
DA:68,0
DA:73,0
DA:77,0
DA:78,0
DA:90,0
DA:92,0
DA:121,0
DA:123,0
DA:124,0
DA:125,0
DA:128,0
DA:129,0
DA:130,0
DA:132,0
DA:136,0
DA:137,0
DA:140,0
DA:141,0
DA:144,0
DA:147,0
DA:148,0
DA:151,0
DA:153,0
DA:164,0
DA:165,0
DA:166,0
DA:168,0
DA:226,0
DA:228,0
DA:230,0
DA:238,0
DA:240,0
DA:241,0
DA:244,0
DA:250,0
DA:251,0
DA:253,0
DA:275,0
DA:279,0
DA:280,0
DA:284,0
DA:288,0
DA:290,0
DA:291,0
DA:292,0
DA:297,0
DA:300,0
DA:303,0
LF:67
LH:0
BRDA:25,0,0,0
BRDA:25,0,1,0
BRDA:40,1,0,0
BRDA:40,1,1,0
BRDA:62,2,0,0
BRDA:62,2,1,0
BRDA:64,3,0,0
BRDA:64,3,1,0
BRDA:77,4,0,0
BRDA:77,4,1,0
BRDA:77,5,0,0
BRDA:77,5,1,0
BRDA:77,6,0,0
BRDA:77,6,1,0
BRDA:78,7,0,0
BRDA:78,7,1,0
BRDA:108,8,0,0
BRDA:109,9,0,0
BRDA:110,10,0,0
BRDA:124,11,0,0
BRDA:124,11,1,0
BRDA:124,12,0,0
BRDA:124,12,1,0
BRDA:124,13,0,0
BRDA:124,13,1,0
BRDA:124,14,0,0
BRDA:124,14,1,0
BRDA:129,15,0,0
[...]
BRDA:72,6,1,0
BRDA:73,7,0,0
BRDA:73,7,1,0
BRDA:74,8,0,0
BRDA:74,8,1,0
BRDA:74,9,0,0
BRDA:74,9,1,0
BRDA:75,10,0,0
BRDA:75,10,1,0
BRDA:76,11,0,0
BRDA:76,11,1,0
BRDA:87,12,0,0
BRDA:87,12,1,0
BRDA:103,13,0,0
BRDA:103,13,1,0
BRDA:104,14,0,0
BRDA:104,14,1,0
BRDA:106,15,0,0
BRDA:106,15,1,0
BRDA:120,16,0,0
BRDA:120,16,1,0
BRDA:121,17,0,0
BRDA:121,17,1,0
BRDA:122,18,0,0
BRDA:122,18,1,0
BRDA:122,19,0,0
BRDA:122,19,1,0
BRDA:137,20,0,0
BRDA:137,20,1,0
BRDA:138,21,0,0
BRDA:138,21,1,0
BRDA:154,22,0,0
BRDA:154,22,1,0
BRDA:161,23,0,0
BRDA:161,23,1,0
BRDA:162,24,0,0
BRDA:162,24,1,0
BRDA:163,25,0,0
BRDA:163,25,1,0
BRDA:164,26,0,0
BRDA:164,26,1,0
BRDA:165,27,0,0
BRDA:165,27,1,0
BRDA:174,28,0,0
BRDA:174,28,1,0
BRDA:176,29,0,0
BRDA:176,29,1,0
BRDA:177,30,0,0
BRDA:177,30,1,0
BRF:62
BRH:0
end_of_record
TN:
SF:src/pages/portal/Integrations.tsx
FN:25,(anonymous_1)
FN:36,(anonymous_2)
FNF:2
FNH:0
FNDA:0,(anonymous_1)
FNDA:0,(anonymous_2)
DA:1,0
DA:2,0
DA:3,0
DA:4,0
DA:16,0
DA:25,0
DA:26,0
DA:37,0
DA:70,0
LF:9
LH:0
BRDA:58,0,0,0
BRDA:58,0,1,0
BRDA:62,1,0,0
BRDA:62,1,1,0
BRF:4
BRH:0
end_of_record
TN:
SF:src/pages/portal/Leads.tsx
FN:33,(anonymous_8)
FN:38,(anonymous_9)
FN:40,(anonymous_10)
FN:40,(anonymous_11)
FN:48,(anonymous_12)
FN:53,(anonymous_13)
FN:56,(anonymous_14)
FN:62,(anonymous_15)
FN:89,(anonymous_16)
FN:109,(anonymous_17)
FNF:10
FNH:0
FNDA:0,(anonymous_8)
FNDA:0,(anonymous_9)
FNDA:0,(anonymous_10)
FNDA:0,(anonymous_11)
FNDA:0,(anonymous_12)
FNDA:0,(anonymous_13)
FNDA:0,(anonymous_14)
FNDA:0,(anonymous_15)
FNDA:0,(anonymous_16)
FNDA:0,(anonymous_17)
DA:1,0
DA:2,0
DA:3,0
DA:4,0
DA:5,0
DA:6,0
DA:7,0
DA:22,0
DA:33,0
DA:34,0
DA:35,0
DA:36,0
DA:38,0
DA:39,0
DA:40,0
DA:41,0
DA:42,0
DA:44,0
DA:46,0
DA:49,0
DA:53,0
DA:56,0
DA:57,0
DA:62,0
DA:63,0
DA:74,0
DA:89,0
DA:110,0
DA:136,0
LF:29
LH:0
BRDA:39,0,0,0
BRDA:39,0,1,0
BRDA:42,1,0,0
BRDA:42,1,1,0
BRDA:42,2,0,0
BRDA:42,2,1,0
BRDA:57,3,0,0
BRDA:57,3,1,0
BRDA:57,3,2,0
BRDA:58,4,0,0
BRDA:58,4,1,0
BRDA:58,5,0,0
BRDA:58,5,1,0
BRDA:59,6,0,0
BRDA:59,6,1,0
BRDA:59,7,0,0
BRDA:59,7,1,0
BRDA:66,8,0,0
BRDA:66,8,1,0
BRDA:66,9,0,0
BRDA:66,9,1,0
BRDA:124,10,0,0
BRDA:124,10,1,0
BRDA:125,11,0,0
BRDA:125,11,1,0
BRDA:126,12,0,0
BRDA:126,12,1,0
BRF:27
BRH:0
end_of_record
TN:
SF:src/pages/portal/MissedCalls.tsx
FN:15,(anonymous_1)
FN:43,(anonymous_2)
FNF:2
FNH:0
FNDA:0,(anonymous_1)
FNDA:0,(anonymous_2)
DA:1,0
DA:2,0
DA:3,0
DA:4,0
DA:6,0
DA:15,0
DA:16,0
DA:44,0
DA:63,0
LF:9
LH:0
BRDA:54,0,0,0
BRDA:54,0,1,0
BRDA:55,1,0,0
BRDA:55,1,1,0
BRDA:56,2,0,0
BRDA:56,2,1,0
BRDA:56,3,0,0
BRDA:56,3,1,0
BRF:8
BRH:0
end_of_record
TN:
SF:src/pages/portal/Support.tsx
FN:18,(anonymous_8)
FN:27,(anonymous_9)
FN:27,(anonymous_10)
FN:62,(anonymous_11)
FN:114,(anonymous_12)
FN:119,(anonymous_13)
FN:128,(anonymous_14)
FN:139,(anonymous_15)
FN:153,(anonymous_16)
FNF:9
FNH:0
FNDA:0,(anonymous_8)
FNDA:0,(anonymous_9)
FNDA:0,(anonymous_10)
FNDA:0,(anonymous_11)
FNDA:0,(anonymous_12)
FNDA:0,(anonymous_13)
FNDA:0,(anonymous_14)
FNDA:0,(anonymous_15)
FNDA:0,(anonymous_16)
DA:1,0
DA:2,0
DA:3,0
DA:4,0
DA:5,0
DA:6,0
DA:7,0
DA:8,0
DA:9,0
DA:10,0
DA:12,0
DA:18,0
DA:19,0
DA:20,0
DA:21,0
DA:22,0
DA:23,0
DA:24,0
DA:25,0
DA:27,0
DA:28,0
DA:29,0
DA:30,0
DA:32,0
DA:40,0
DA:41,0
DA:43,0
DA:44,0
DA:45,0
DA:46,0
DA:48,0
DA:51,0
DA:62,0
DA:114,0
DA:119,0
DA:128,0
DA:139,0
DA:154,0
DA:175,0
LF:39
LH:0
BRDA:29,0,0,0
BRDA:29,0,1,0
BRDA:29,1,0,0
BRDA:29,1,1,0
BRDA:40,2,0,0
BRDA:40,2,1,0
BRDA:63,3,0,0
BRDA:63,3,1,0
BRDA:64,4,0,0
BRDA:64,4,1,0
BRDA:104,5,0,0
BRDA:104,5,1,0
BRF:12
BRH:0
end_of_record
TN:
SF:src/pages/portal/TeamManagement.tsx
FN:239,(anonymous_0)
FN:248,(anonymous_1)
FN:249,(anonymous_2)
FN:308,(anonymous_3)
FN:406,(anonymous_4)
FN:407,(anonymous_5)
FN:432,(anonymous_6)
FN:452,(anonymous_7)
FN:460,(anonymous_8)
FN:474,(anonymous_9)
FN:506,(anonymous_10)
FN:518,(anonymous_11)
FN:528,(anonymous_12)
FN:539,(anonymous_13)
FN:567,(anonymous_14)
FN:572,(anonymous_15)
FN:573,(anonymous_16)
FN:592,(anonymous_17)
FN:604,(anonymous_18)
FN:627,(anonymous_19)
FN:680,(anonymous_20)
FN:723,(anonymous_21)
FN:729,(anonymous_22)
FN:748,(anonymous_23)
FN:750,(anonymous_24)
FN:764,(anonymous_25)
FN:781,(anonymous_26)
FN:783,(anonymous_27)
FN:812,(anonymous_28)
FN:838,(anonymous_29)
FN:849,(anonymous_30)
FN:859,(anonymous_31)
FN:865,(anonymous_32)
FN:872,(anonymous_33)
FN:881,(anonymous_34)
FN:914,(anonymous_35)
FN:927,(anonymous_36)
FN:946,(anonymous_37)
FN:948,(anonymous_38)
FN:1003,(anonymous_39)
FN:1006,(anonymous_40)
FN:1007,(anonymous_41)
FN:1009,(anonymous_42)
FN:1014,(anonymous_43)
FN:1016,(anonymous_44)
FN:1025,(anonymous_45)
FN:1038,(anonymous_46)
FN:1056,(anonymous_47)
FN:1061,(anonymous_48)
FN:1086,(anonymous_49)
FN:1089,(anonymous_50)
FN:1124,TeamManagement
FN:1130,(anonymous_52)
FN:1142,(anonymous_53)
FN:1143,(anonymous_54)
FN:1149,(anonymous_55)
FN:1164,(anonymous_56)
FN:1165,(anonymous_57)
FN:1247,(anonymous_58)
FN:1263,(anonymous_59)
FN:1265,(anonymous_60)
FNF:61
FNH:0
FNDA:0,(anonymous_0)
FNDA:0,(anonymous_1)
FNDA:0,(anonymous_2)
FNDA:0,(anonymous_3)
FNDA:0,(anonymous_4)
FNDA:0,(anonymous_5)
FNDA:0,(anonymous_6)
FNDA:0,(anonymous_7)
FNDA:0,(anonymous_8)
FNDA:0,(anonymous_9)
FNDA:0,(anonymous_10)
FNDA:0,(anonymous_11)
FNDA:0,(anonymous_12)
FNDA:0,(anonymous_13)
FNDA:0,(anonymous_14)
FNDA:0,(anonymous_15)
FNDA:0,(anonymous_16)
FNDA:0,(anonymous_17)
FNDA:0,(anonymous_18)
FNDA:0,(anonymous_19)
FNDA:0,(anonymous_20)
FNDA:0,(anonymous_21)
FNDA:0,(anonymous_22)
FNDA:0,(anonymous_23)
FNDA:0,(anonymous_24)
FNDA:0,(anonymous_25)
FNDA:0,(anonymous_26)
FNDA:0,(anonymous_27)
FNDA:0,(anonymous_28)
FNDA:0,(anonymous_29)
FNDA:0,(anonymous_30)
FNDA:0,(anonymous_31)
FNDA:0,(anonymous_32)
FNDA:0,(anonymous_33)
FNDA:0,(anonymous_34)
FNDA:0,(anonymous_35)
FNDA:0,(anonymous_36)
FNDA:0,(anonymous_37)
FNDA:0,(anonymous_38)
FNDA:0,(anonymous_39)
FNDA:0,(anonymous_40)
FNDA:0,(anonymous_41)
FNDA:0,(anonymous_42)
FNDA:0,(anonymous_43)
FNDA:0,(anonymous_44)
FNDA:0,(anonymous_45)
FNDA:0,(anonymous_46)
FNDA:0,(anonymous_47)
FNDA:0,(anonymous_48)
FNDA:0,(anonymous_49)
FNDA:0,(anonymous_50)
FNDA:0,TeamManagement
FNDA:0,(anonymous_52)
FNDA:0,(anonymous_53)
FNDA:0,(anonymous_54)
FNDA:0,(anonymous_55)
FNDA:0,(anonymous_56)
FNDA:0,(anonymous_57)
FNDA:0,(anonymous_58)
FNDA:0,(anonymous_59)
FNDA:0,(anonymous_60)
DA:1,0
DA:2,0
DA:3,0
DA:4,0
DA:26,0
DA:27,0
DA:35,0
DA:42,0
DA:43,0
DA:44,0
DA:45,0
DA:52,0
DA:53,0
DA:98,0
DA:232,0
DA:239,0
DA:248,0
DA:249,0
DA:298,0
DA:308,0
DA:361,0
DA:406,0
DA:407,0
DA:408,0
DA:417,0
DA:419,0
DA:432,0
DA:433,0
DA:439,0
DA:441,0
DA:452,0
DA:453,0
DA:454,0
DA:460,0
DA:461,0
DA:462,0
DA:463,0
DA:466,0
DA:474,0
DA:479,0
DA:480,0
DA:481,0
DA:484,0
DA:507,0
DA:519,0
DA:529,0
DA:540,0
DA:567,0
DA:568,0
DA:569,0
DA:570,0
DA:572,0
DA:573,0
DA:575,0
DA:577,0
DA:579,0
DA:580,0
DA:584,0
DA:592,0
DA:605,0
DA:628,0
DA:681,0
DA:686,0
DA:687,0
DA:723,0
DA:724,0
DA:725,0
DA:726,0
DA:727,0
DA:729,0
DA:730,0
DA:731,0
DA:732,0
DA:735,0
DA:741,0
DA:742,0
DA:743,0
DA:744,0
DA:745,0
DA:748,0
DA:749,0
DA:750,0
DA:751,0
DA:752,0
DA:754,0
DA:756,0
DA:759,0
DA:765,0
DA:782,0
DA:783,0
DA:785,0
DA:812,0
DA:838,0
DA:849,0
DA:860,0
DA:866,0
DA:873,0
DA:874,0
DA:879,0
DA:881,0
DA:914,0
DA:928,0
DA:947,0
DA:948,0
DA:950,0
DA:1003,0
DA:1004,0
DA:1006,0
DA:1007,0
DA:1008,0
DA:1009,0
DA:1011,0
DA:1014,0
DA:1015,0
DA:1016,0
DA:1017,0
DA:1018,0
DA:1020,0
DA:1022,0
DA:1025,0
DA:1026,0
DA:1029,0
DA:1039,0
DA:1057,0
DA:1062,0
DA:1087,0
DA:1090,0
DA:1124,0
DA:1125,0
DA:1126,0
DA:1127,0
DA:1129,0
DA:1131,0
DA:1136,0
DA:1141,0
DA:1143,0
DA:1148,0
DA:1152,0
DA:1159,0
DA:1164,0
DA:1165,0
DA:1167,0
DA:1247,0
DA:1264,0
DA:1266,0
DA:1269,0
LF:146
LH:0
BRDA:406,0,0,0
BRDA:407,1,0,0
BRDA:407,1,1,0
BRDA:417,2,0,0
BRDA:417,2,1,0
BRDA:417,2,2,0
BRDA:417,3,0,0
BRDA:417,3,1,0
BRDA:417,4,0,0
BRDA:417,4,1,0
BRDA:422,5,0,0
BRDA:422,5,1,0
BRDA:424,6,0,0
BRDA:424,6,1,0
BRDA:461,7,0,0
BRDA:461,7,1,0
BRDA:461,8,0,0
BRDA:461,8,1,0
BRDA:575,9,0,0
BRDA:575,9,1,0
BRDA:577,10,0,0
BRDA:577,10,1,0
BRDA:579,11,0,0
BRDA:579,11,1,0
BRDA:580,12,0,0
BRDA:580,12,1,0
BRDA:580,12,2,0
BRDA:647,13,0,0
BRDA:647,13,1,0
BRDA:681,14,0,0
BRDA:681,14,1,0
BRDA:704,15,0,0
BRDA:704,15,1,0
BRDA:730,16,0,0
BRDA:730,16,1,0
BRDA:730,17,0,0
BRDA:730,17,1,0
BRDA:751,18,0,0
BRDA:751,18,1,0
BRDA:771,19,0,0
BRDA:771,19,1,0
BRDA:785,20,0,0
BRDA:785,20,1,0
BRDA:791,21,0,0
BRDA:791,21,1,0
BRDA:821,22,0,0
BRDA:821,22,1,0
BRDA:873,23,0,0
BRDA:873,23,1,0
BRDA:925,24,0,0
BRDA:925,24,1,0
BRDA:943,25,0,0
BRDA:943,25,1,0
BRDA:950,26,0,0
BRDA:950,26,1,0
BRDA:960,27,0,0
BRDA:960,27,1,0
BRDA:1009,28,0,0
BRDA:1009,28,1,0
BRDA:1011,29,0,0
BRDA:1011,29,1,0
BRDA:1011,30,0,0
BRDA:1011,30,1,0
BRDA:1011,31,0,0
BRDA:1011,31,1,0
BRDA:1017,32,0,0
BRDA:1017,32,1,0
BRDA:1094,33,0,0
BRDA:1094,33,1,0
BRDA:1134,34,0,0
BRDA:1134,34,1,0
BRDA:1266,35,0,0
BRDA:1266,35,1,0
BRF:73
BRH:0
end_of_record
TN:
SF:src/pages/portal/VoiceAgent.tsx
FN:30,(anonymous_8)
FN:36,(anonymous_9)
FN:41,(anonymous_10)
FN:46,(anonymous_11)
FN:48,(anonymous_12)
FN:48,(anonymous_13)
FN:56,(anonymous_14)
FN:61,(anonymous_15)
FN:75,(anonymous_16)
FN:84,(anonymous_17)
FNF:10
FNH:0
FNDA:0,(anonymous_8)
FNDA:0,(anonymous_9)
FNDA:0,(anonymous_10)
FNDA:0,(anonymous_11)
FNDA:0,(anonymous_12)
FNDA:0,(anonymous_13)
FNDA:0,(anonymous_14)
FNDA:0,(anonymous_15)
FNDA:0,(anonymous_16)
FNDA:0,(anonymous_17)
DA:1,0
DA:2,0
DA:3,0
DA:4,0
DA:5,0
DA:6,0
DA:22,0
DA:30,0
DA:31,0
DA:32,0
DA:33,0
DA:36,0
DA:37,0
DA:38,0
DA:41,0
DA:42,0
DA:43,0
DA:44,0
DA:46,0
DA:47,0
DA:48,0
DA:49,0
DA:50,0
DA:52,0
DA:54,0
DA:57,0
DA:61,0
DA:64,0
DA:76,0
DA:84,0
DA:142,0
LF:31
LH:0
BRDA:47,0,0,0
BRDA:47,0,1,0
BRDA:50,1,0,0
BRDA:50,1,1,0
BRDA:50,2,0,0
BRDA:50,2,1,0
BRDA:84,3,0,0
BRDA:84,3,1,0
BRDA:91,4,0,0
BRDA:91,4,1,0
BRDA:95,5,0,0
BRDA:95,5,1,0
BRDA:96,6,0,0
BRDA:96,6,1,0
BRDA:101,7,0,0
BRDA:101,7,1,0
BRDA:105,8,0,0
BRDA:105,8,1,0
BRDA:108,9,0,0
BRDA:108,9,1,0
BRDA:115,10,0,0
BRDA:115,10,1,0
BRDA:121,11,0,0
BRDA:121,11,1,0
BRDA:130,12,0,0
BRDA:130,12,1,0
BRDA:131,13,0,0
BRDA:131,13,1,0
BRF:28
BRH:0
end_of_record
TN:
SF:src/pages/portal/VoiceSettings.tsx
FN:67,(anonymous_0)
FN:75,(anonymous_1)
FN:89,(anonymous_2)
FN:105,(anonymous_3)
FN:129,(anonymous_4)
FN:146,(anonymous_5)
FN:159,(anonymous_6)
FN:171,(anonymous_7)
FN:187,(anonymous_8)
FN:205,(anonymous_9)
FN:222,(anonymous_10)
FN:238,(anonymous_11)
FN:248,(anonymous_12)
FN:258,(anonymous_13)
FN:269,(anonymous_14)
FN:284,(anonymous_15)
FN:294,(anonymous_16)
FN:301,(anonymous_17)
FN:317,(anonymous_18)
FN:345,(anonymous_19)
FN:346,(anonymous_20)
FN:347,(anonymous_21)
FN:351,(anonymous_22)
FN:352,(anonymous_23)
FN:359,(anonymous_24)
FN:363,(anonymous_25)
FN:364,(anonymous_26)
FN:364,(anonymous_27)
FN:368,(anonymous_28)
FN:371,(anonymous_29)
FN:416,(anonymous_30)
FN:422,(anonymous_31)
FN:434,(anonymous_32)
FN:489,(anonymous_33)
FN:499,(anonymous_34)
FN:550,(anonymous_35)
FN:564,(anonymous_36)
FN:599,(anonymous_37)
FN:607,(anonymous_38)
FN:615,(anonymous_39)
FN:623,(anonymous_40)
FN:637,(anonymous_41)
FN:644,(anonymous_42)
FN:645,(anonymous_43)
FN:657,(anonymous_44)
FN:683,(anonymous_45)
FN:755,(anonymous_46)
FN:761,(anonymous_47)
FN:767,(anonymous_48)
FN:804,escapeXml
FNF:50
FNH:0
FNDA:0,(anonymous_0)
FNDA:0,(anonymous_1)
FNDA:0,(anonymous_2)
FNDA:0,(anonymous_3)
FNDA:0,(anonymous_4)
FNDA:0,(anonymous_5)
FNDA:0,(anonymous_6)
FNDA:0,(anonymous_7)
FNDA:0,(anonymous_8)
FNDA:0,(anonymous_9)
FNDA:0,(anonymous_10)
FNDA:0,(anonymous_11)
FNDA:0,(anonymous_12)
FNDA:0,(anonymous_13)
FNDA:0,(anonymous_14)
FNDA:0,(anonymous_15)
FNDA:0,(anonymous_16)
FNDA:0,(anonymous_17)
FNDA:0,(anonymous_18)
FNDA:0,(anonymous_19)
FNDA:0,(anonymous_20)
FNDA:0,(anonymous_21)
FNDA:0,(anonymous_22)
FNDA:0,(anonymous_23)
FNDA:0,(anonymous_24)
FNDA:0,(anonymous_25)
FNDA:0,(anonymous_26)
FNDA:0,(anonymous_27)
FNDA:0,(anonymous_28)
FNDA:0,(anonymous_29)
FNDA:0,(anonymous_30)
FNDA:0,(anonymous_31)
FNDA:0,(anonymous_32)
FNDA:0,(anonymous_33)
FNDA:0,(anonymous_34)
FNDA:0,(anonymous_35)
FNDA:0,(anonymous_36)
FNDA:0,(anonymous_37)
FNDA:0,(anonymous_38)
FNDA:0,(anonymous_39)
FNDA:0,(anonymous_40)
FNDA:0,(anonymous_41)
FNDA:0,(anonymous_42)
FNDA:0,(anonymous_43)
FNDA:0,(anonymous_44)
FNDA:0,(anonymous_45)
FNDA:0,(anonymous_46)
FNDA:0,(anonymous_47)
FNDA:0,(anonymous_48)
FNDA:0,escapeXml
DA:1,0
DA:2,0
DA:3,0
DA:4,0
DA:24,0
DA:67,0
DA:68,0
DA:75,0
DA:90,0
DA:105,0
DA:130,0
DA:147,0
DA:159,0
DA:160,0
DA:172,0
DA:188,0
DA:206,0
DA:223,0
DA:238,0
DA:248,0
DA:249,0
DA:258,0
DA:270,0
DA:284,0
DA:285,0
DA:294,0
DA:301,0
DA:302,0
DA:304,0
DA:306,0
DA:308,0
DA:310,0
DA:312,0
DA:317,0
DA:318,0
DA:341,0
DA:342,0
DA:343,0
DA:345,0
DA:346,0
DA:347,0
DA:351,0
DA:352,0
DA:353,0
DA:359,0
DA:360,0
DA:363,0
DA:364,0
DA:365,0
DA:368,0
DA:369,0
DA:371,0
DA:372,0
DA:374,0
DA:375,0
DA:383,0
DA:384,0
DA:387,0
DA:388,0
DA:396,0
DA:397,0
DA:398,0
DA:399,0
DA:402,0
DA:403,0
DA:404,0
DA:407,0
DA:408,0
DA:412,0
DA:413,0
DA:416,0
DA:417,0
DA:418,0
DA:419,0
DA:422,0
DA:423,0
DA:424,0
DA:425,0
DA:426,0
DA:427,0
DA:428,0
DA:429,0
DA:430,0
DA:431,0
DA:434,0
DA:435,0
DA:436,0
DA:437,0
DA:438,0
DA:439,0
DA:440,0
DA:441,0
DA:442,0
DA:443,0
DA:446,0
DA:453,0
DA:490,0
DA:500,0
DA:551,0
DA:565,0
DA:566,0
DA:567,0
DA:569,0
DA:570,0
DA:572,0
DA:573,0
DA:575,0
DA:576,0
DA:578,0
DA:579,0
DA:581,0
DA:600,0
DA:608,0
DA:616,0
DA:624,0
DA:638,0
DA:644,0
DA:646,0
DA:657,0
DA:683,0
DA:755,0
DA:761,0
DA:767,0
DA:805,0
DA:813,0
LF:125
LH:0
BRDA:88,0,0,0
BRDA:88,0,1,0
BRDA:104,1,0,0
BRDA:104,1,1,0
BRDA:121,2,0,0
BRDA:121,2,1,0
BRDA:128,3,0,0
BRDA:128,3,1,0
BRDA:145,4,0,0
BRDA:145,4,1,0
BRDA:170,5,0,0
BRDA:170,5,1,0
BRDA:186,6,0,0
BRDA:186,6,1,0
BRDA:204,7,0,0
BRDA:204,7,1,0
BRDA:221,8,0,0
BRDA:221,8,1,0
BRDA:237,9,0,0
BRDA:237,9,1,0
BRDA:268,10,0,0
BRDA:268,10,1,0
BRDA:293,11,0,0
BRDA:293,11,1,0
BRDA:302,12,0,0
BRDA:302,12,1,0
BRDA:302,12,2,0
BRDA:302,12,3,0
BRDA:302,12,4,0
BRDA:347,13,0,0
BRDA:347,13,1,0
BRDA:372,14,0,0
BRDA:372,14,1,0
BRDA:372,14,2,0
BRDA:372,14,3,0
BRDA:377,15,0,0
BRDA:377,15,1,0
BRDA:378,16,0,0
BRDA:378,16,1,0
BRDA:378,17,0,0
BRDA:378,17,1,0
BRDA:379,18,0,0
BRDA:379,18,1,0
BRDA:389,19,0,0
BRDA:389,19,1,0
BRDA:390,20,0,0
BRDA:390,20,1,0
BRDA:391,21,0,0
BRDA:391,21,1,0
BRDA:392,22,0,0
BRDA:392,22,1,0
BRDA:403,23,0,0
BRDA:403,23,1,0
BRDA:500,24,0,0
BRDA:500,24,1,0
BRDA:520,25,0,0
BRDA:520,25,1,0
BRDA:527,26,0,0
BRDA:527,26,1,0
BRDA:535,27,0,0
BRDA:535,27,1,0
BRDA:567,28,0,0
BRDA:567,28,1,0
BRDA:567,28,2,0
BRDA:567,28,3,0
BRDA:596,29,0,0
BRDA:596,29,1,0
BRDA:604,30,0,0
BRDA:604,30,1,0
BRDA:612,31,0,0
BRDA:612,31,1,0
BRDA:620,32,0,0
BRDA:620,32,1,0
BRDA:630,33,0,0
BRDA:630,33,1,0
BRDA:630,33,2,0
BRDA:636,34,0,0
BRDA:636,34,1,0
BRDA:655,35,0,0
BRDA:655,35,1,0
BRDA:688,36,0,0
BRDA:688,36,1,0
BRDA:693,37,0,0
BRDA:693,37,1,0
BRDA:777,38,0,0
BRDA:777,38,1,0
BRF:86
BRH:0
end_of_record
TN:
SF:src/services/automationClient.ts
FN:28,(anonymous_7)
FN:52,(anonymous_9)
FN:75,(anonymous_11)
FN:107,(anonymous_13)
FN:130,(anonymous_15)
FN:157,(anonymous_17)
FN:195,(anonymous_19)
FN:219,(anonymous_21)
FN:246,(anonymous_23)
FN:274,(anonymous_25)
FN:297,(anonymous_27)
FNF:11
FNH:0
FNDA:0,(anonymous_7)
FNDA:0,(anonymous_9)
FNDA:0,(anonymous_11)
FNDA:0,(anonymous_13)
FNDA:0,(anonymous_15)
FNDA:0,(anonymous_17)
FNDA:0,(anonymous_19)
FNDA:0,(anonymous_21)
FNDA:0,(anonymous_23)
FNDA:0,(anonymous_25)
FNDA:0,(anonymous_27)
DA:19,0
DA:29,0
DA:30,0
DA:38,0
DA:39,0
DA:42,0
DA:44,0
DA:45,0
DA:53,0
DA:54,0
DA:61,0
DA:62,0
DA:65,0
DA:67,0
DA:68,0
DA:80,0
DA:81,0
DA:82,0
DA:83,0
DA:84,0
DA:86,0
DA:93,0
DA:94,0
DA:97,0
DA:99,0
DA:100,0
DA:108,0
DA:109,0
DA:116,0
DA:117,0
DA:120,0
DA:122,0
DA:123,0
DA:134,0
DA:135,0
DA:143,0
DA:144,0
DA:147,0
DA:149,0
DA:150,0
DA:165,0
DA:166,0
DA:167,0
DA:168,0
DA:169,0
DA:171,0
DA:181,0
DA:182,0
DA:185,0
DA:187,0
DA:188,0
DA:196,0
DA:197,0
DA:205,0
DA:206,0
DA:209,0
DA:211,0
DA:212,0
DA:223,0
DA:224,0
DA:232,0
DA:233,0
DA:236,0
DA:238,0
DA:239,0
DA:252,0
DA:253,0
DA:260,0
DA:261,0
DA:264,0
DA:266,0
DA:267,0
DA:275,0
DA:276,0
DA:283,0
DA:284,0
DA:287,0
DA:289,0
DA:290,0
DA:310,0
DA:311,0
DA:319,0
DA:320,0
DA:323,0
DA:325,0
DA:326,0
DA:331,0
LF:87
LH:0
BRDA:19,0,0,0
BRDA:19,0,1,0
BRDA:38,1,0,0
BRDA:38,1,1,0
BRDA:61,2,0,0
BRDA:61,2,1,0
BRDA:82,3,0,0
BRDA:82,3,1,0
BRDA:82,4,0,0
BRDA:82,4,1,0
BRDA:82,5,0,0
BRDA:82,5,1,0
BRDA:83,6,0,0
BRDA:83,6,1,0
BRDA:83,7,0,0
BRDA:83,7,1,0
BRDA:83,8,0,0
BRDA:83,8,1,0
BRDA:84,9,0,0
BRDA:84,9,1,0
BRDA:84,10,0,0
BRDA:84,10,1,0
BRDA:84,11,0,0
BRDA:84,11,1,0
BRDA:93,12,0,0
BRDA:93,12,1,0
BRDA:116,13,0,0
BRDA:116,13,1,0
BRDA:143,14,0,0
BRDA:143,14,1,0
BRDA:167,15,0,0
BRDA:167,15,1,0
BRDA:167,16,0,0
BRDA:167,16,1,0
BRDA:167,17,0,0
BRDA:167,17,1,0
BRDA:168,18,0,0
BRDA:168,18,1,0
BRDA:168,19,0,0
BRDA:168,19,1,0
BRDA:168,20,0,0
BRDA:168,20,1,0
BRDA:169,21,0,0
BRDA:169,21,1,0
BRDA:169,22,0,0
BRDA:169,22,1,0
BRDA:169,23,0,0
BRDA:169,23,1,0
BRDA:181,24,0,0
BRDA:181,24,1,0
BRDA:205,25,0,0
BRDA:205,25,1,0
BRDA:232,26,0,0
BRDA:232,26,1,0
BRDA:260,27,0,0
BRDA:260,27,1,0
BRDA:283,28,0,0
BRDA:283,28,1,0
BRDA:319,29,0,0
BRDA:319,29,1,0
BRF:60
BRH:0
end_of_record
TN:
SF:src/services/campaignClient.ts
FN:91,(anonymous_7)
FN:97,(anonymous_8)
FN:117,(anonymous_10)
FN:149,(anonymous_12)
FN:165,(anonymous_14)
FN:185,(anonymous_16)
FN:212,(anonymous_18)
FN:228,(anonymous_20)
FN:248,(anonymous_22)
FN:264,(anonymous_24)
FN:280,(anonymous_26)
FN:281,(anonymous_27)
FN:281,(anonymous_28)
FN:291,(anonymous_29)
FN:297,(anonymous_30)
FN:297,(anonymous_31)
FN:308,(anonymous_32)
FNF:17
FNH:0
FNDA:0,(anonymous_7)
FNDA:0,(anonymous_8)
FNDA:0,(anonymous_10)
FNDA:0,(anonymous_12)
FNDA:0,(anonymous_14)
FNDA:0,(anonymous_16)
FNDA:0,(anonymous_18)
FNDA:0,(anonymous_20)
FNDA:0,(anonymous_22)
FNDA:0,(anonymous_24)
FNDA:0,(anonymous_26)
FNDA:0,(anonymous_27)
FNDA:0,(anonymous_28)
FNDA:0,(anonymous_29)
FNDA:0,(anonymous_30)
FNDA:0,(anonymous_31)
FNDA:0,(anonymous_32)
DA:92,0
DA:98,0
DA:106,0
DA:107,0
DA:108,0
DA:111,0
DA:122,0
DA:124,0
DA:125,0
DA:127,0
DA:128,0
DA:130,0
DA:131,0
DA:134,0
DA:138,0
DA:139,0
DA:140,0
DA:143,0
DA:150,0
DA:154,0
DA:155,0
DA:156,0
DA:159,0
DA:166,0
DA:174,0
DA:175,0
DA:176,0
DA:179,0
DA:191,0
DA:201,0
DA:202,0
DA:203,0
DA:206,0
DA:213,0
DA:217,0
DA:218,0
DA:219,0
DA:222,0
DA:229,0
DA:237,0
DA:238,0
DA:239,0
DA:242,0
DA:249,0
DA:253,0
DA:254,0
DA:255,0
DA:258,0
DA:265,0
DA:269,0
DA:270,0
DA:271,0
DA:274,0
DA:281,0
DA:282,0
DA:283,0
DA:284,0
DA:286,0
DA:291,0
DA:297,0
DA:298,0
DA:300,0
DA:301,0
DA:303,0
DA:304,0
DA:308,0
DA:311,0
DA:315,0
DA:316,0
LF:69
LH:0
BRDA:106,0,0,0
BRDA:106,0,1,0
BRDA:108,1,0,0
BRDA:108,1,1,0
BRDA:124,2,0,0
BRDA:124,2,1,0
BRDA:124,3,0,0
BRDA:124,3,1,0
BRDA:124,4,0,0
BRDA:124,4,1,0
BRDA:127,5,0,0
BRDA:127,5,1,0
BRDA:127,6,0,0
BRDA:127,6,1,0
BRDA:127,7,0,0
BRDA:127,7,1,0
BRDA:130,8,0,0
BRDA:130,8,1,0
BRDA:130,9,0,0
BRDA:130,9,1,0
BRDA:130,10,0,0
BRDA:130,10,1,0
BRDA:138,11,0,0
BRDA:138,11,1,0
BRDA:140,12,0,0
BRDA:140,12,1,0
BRDA:154,13,0,0
BRDA:154,13,1,0
BRDA:156,14,0,0
BRDA:156,14,1,0
BRDA:174,15,0,0
BRDA:174,15,1,0
BRDA:176,16,0,0
BRDA:176,16,1,0
BRDA:197,17,0,0
BRDA:197,17,1,0
BRDA:197,18,0,0
BRDA:197,18,1,0
BRDA:197,19,0,0
BRDA:197,19,1,0
BRDA:197,20,0,0
BRDA:197,20,1,0
BRDA:201,21,0,0
BRDA:201,21,1,0
BRDA:203,22,0,0
BRDA:203,22,1,0
BRDA:217,23,0,0
BRDA:217,23,1,0
BRDA:219,24,0,0
BRDA:219,24,1,0
BRDA:237,25,0,0
BRDA:237,25,1,0
BRDA:239,26,0,0
BRDA:239,26,1,0
BRDA:253,27,0,0
BRDA:253,27,1,0
BRDA:255,28,0,0
BRDA:255,28,1,0
BRDA:269,29,0,0
BRDA:269,29,1,0
BRDA:271,30,0,0
BRDA:271,30,1,0
BRDA:280,31,0,0
BRDA:297,32,0,0
BRDA:303,33,0,0
BRDA:303,33,1,0
BRF:66
BRH:0
end_of_record
TN:
SF:src/test/setup.ts
FN:5,(anonymous_0)
FN:9,(anonymous_1)
FN:10,(anonymous_2)
FN:11,(anonymous_3)
FN:12,(anonymous_4)
FN:13,(anonymous_5)
FNF:6
FNH:0
FNDA:0,(anonymous_0)
FNDA:0,(anonymous_1)
FNDA:0,(anonymous_2)
FNDA:0,(anonymous_3)
FNDA:0,(anonymous_4)
FNDA:0,(anonymous_5)
DA:1,0
DA:3,0
DA:5,0
LF:3
LH:0
BRF:0
BRH:0
end_of_record
TN:
SF:src/types/branding.ts
FN:134,(anonymous_0)
FNF:1
FNH:0
FNDA:0,(anonymous_0)
DA:115,0
DA:134,0
DA:135,0
DA:136,0
DA:137,0
DA:138,0
DA:144,0
DA:152,0
DA:164,0
LF:9
LH:0
BRDA:134,0,0,0
BRDA:134,0,1,0
BRF:2
BRH:0
end_of_record
